Start testing: Jul 07 10:52 CEST
----------------------------------------------------------
1/1 Testing: be-test
1/1 Test: be-test
Command: "/home/otiose/repos/epita/vlg/build/test/be-test/bin/be-test"
Directory: /home/otiose/repos/epita/vlg/build/test/be-test
"be-test" start time: Jul 07 10:52 CEST
Output:
----------------------------------------------------------
Running main() from /home/otiose/repos/epita/vlg/test/extern/googletest/googletest/src/gtest_main.cc
[==========] Running 1 test from 1 test suite.
[----------] Global test environment set-up.
[----------] 1 test from Template
[ RUN      ] Template.TemplateFailure
[       OK ] Template.TemplateFailure (0 ms)
[----------] 1 test from Template (0 ms total)

[----------] Global test environment tear-down
[==========] 1 test from 1 test suite ran. (0 ms total)
[  PASSED  ] 1 test.
<end of output>
Test time =   0.01 sec
----------------------------------------------------------
Test Passed.
"be-test" end time: Jul 07 10:52 CEST
"be-test" time elapsed: 00:00:00
----------------------------------------------------------

End testing: Jul 07 10:52 CEST
