Start testing: Jul 05 09:58 CEST
----------------------------------------------------------
1/1 Testing: template-test
1/1 Test: template-test
Command: "/home/otiose/repos/epita/vlg/build/test/template-test/bin/template-test"
Directory: /home/otiose/repos/epita/vlg/build/test/template-test
"template-test" start time: Jul 05 09:58 CEST
Output:
----------------------------------------------------------
Running main() from /home/otiose/repos/epita/vlg/test/extern/googletest/googletest/src/gtest_main.cc
[==========] Running 2 tests from 1 test suite.
[----------] Global test environment set-up.
[----------] 2 tests from Template
[ RUN      ] Template.TemplateSucces
[       OK ] Template.TemplateSucces (0 ms)
[ RUN      ] Template.TemplateFailure
/home/otiose/repos/epita/vlg/test/template-test/template.cc:14: Failure
Expected equality of these values:
  msg.c_str()
    Which is: "This is a template project."
  "This will not match"
[  FAILED  ] Template.TemplateFailure (0 ms)
[----------] 2 tests from Template (0 ms total)

[----------] Global test environment tear-down
[==========] 2 tests from 1 test suite ran. (1 ms total)
[  PASSED  ] 1 test.
[  FAILED  ] 1 test, listed below:
[  FAILED  ] Template.TemplateFailure

 1 FAILED TEST
<end of output>
Test time =   0.02 sec
----------------------------------------------------------
Test Failed.
"template-test" end time: Jul 05 09:58 CEST
"template-test" time elapsed: 00:00:00
----------------------------------------------------------

End testing: Jul 05 09:58 CEST
