Start testing: Jul 07 12:07 CEST
----------------------------------------------------------
1/398 Testing: example::igraph_free
1/398 Test: example::igraph_free
Command: "/home/otiose/repos/epita/vlg/ext/igraph-0.9.4/build/tests/example_igraph_free"
Directory: /home/otiose/repos/epita/vlg/ext/igraph-0.9.4/examples/simple
"example::igraph_free" start time: Jul 07 12:07 CEST
Output:
----------------------------------------------------------
10 11 12
4 7 11
3 7 11
2 7 19
1 4 11
1 3 11
1 3 41
2 4 27
3 9 12
3 6 12
3 5 33
4 9 12
4 6 12
4 6 45
5 9 29
1 6 10
1 9 10
1 8 21
6 7 10
7 9 10
7 9 22
6 8 24
10 15 21
10 15 18
13 14 16
15 17 20
16 18 23
14 17 24
1 25 40
16 21 22
7 13 20
8 20 23
17 22 24
9 18 23
19 26 38
11 25 34
3 28 39
11 27 34
6 30 44
12 29 35
12 32 35
31 33 42
4 32 43
26 28 36
30 31 37
34 38 39
35 42 44
25 36 40
27 36 41
19 38 41
2 39 40
32 37 43
33 42 45
29 37 45
5 43 44
0 3 7
0 3 9
0 3 6
0 4 7
0 4 9
0 4 6
0 6 7
0 7 9
0 13 14
0 26 28
0 30 31
0 1 3
0 1 4
0 1 6
0 1 9
<end of output>
Test time =   0.12 sec
----------------------------------------------------------
Test Passed.
"example::igraph_free" end time: Jul 07 12:07 CEST
"example::igraph_free" time elapsed: 00:00:00
----------------------------------------------------------

2/398 Testing: example::tutorial1
2/398 Test: example::tutorial1
Command: "/home/otiose/repos/epita/vlg/ext/igraph-0.9.4/build/tests/example_tutorial1"
Directory: /home/otiose/repos/epita/vlg/ext/igraph-0.9.4/examples/tutorial
"example::tutorial1" start time: Jul 07 12:07 CEST
Output:
----------------------------------------------------------
Diameter of a random graph with average degree 6: 8
<end of output>
Test time =   0.06 sec
----------------------------------------------------------
Test Passed.
"example::tutorial1" end time: Jul 07 12:07 CEST
"example::tutorial1" time elapsed: 00:00:00
----------------------------------------------------------

3/398 Testing: example::tutorial2
3/398 Test: example::tutorial2
Command: "/home/otiose/repos/epita/vlg/ext/igraph-0.9.4/build/tests/example_tutorial2"
Directory: /home/otiose/repos/epita/vlg/ext/igraph-0.9.4/examples/tutorial
"example::tutorial2" start time: Jul 07 12:07 CEST
Output:
----------------------------------------------------------
Average path length (lattice):            15.0167
Average path length (randomized lattice): 11.7033
<end of output>
Test time =   0.08 sec
----------------------------------------------------------
Test Passed.
"example::tutorial2" end time: Jul 07 12:07 CEST
"example::tutorial2" time elapsed: 00:00:00
----------------------------------------------------------

4/398 Testing: example::tutorial3
4/398 Test: example::tutorial3
Command: "/home/otiose/repos/epita/vlg/ext/igraph-0.9.4/build/tests/example_tutorial3"
Directory: /home/otiose/repos/epita/vlg/ext/igraph-0.9.4/examples/tutorial
"example::tutorial3" start time: Jul 07 12:07 CEST
Output:
----------------------------------------------------------
Maximum degree is              17, vertex 33.
Maximum closeness is    0.0172414, vertex  0.
Maximum betweenness is    231.071, vertex  0.
<end of output>
Test time =   0.01 sec
----------------------------------------------------------
Test Passed.
"example::tutorial3" end time: Jul 07 12:07 CEST
"example::tutorial3" time elapsed: 00:00:00
----------------------------------------------------------

5/398 Testing: example::igraph_version
5/398 Test: example::igraph_version
Command: "/home/otiose/repos/epita/vlg/ext/igraph-0.9.4/build/tests/example_igraph_version"
Directory: /home/otiose/repos/epita/vlg/ext/igraph-0.9.4/examples/simple
"example::igraph_version" start time: Jul 07 12:07 CEST
Output:
----------------------------------------------------------
<end of output>
Test time =   0.01 sec
----------------------------------------------------------
Test Passed.
"example::igraph_version" end time: Jul 07 12:07 CEST
"example::igraph_version" time elapsed: 00:00:00
----------------------------------------------------------

6/398 Testing: example::dqueue
6/398 Test: example::dqueue
Command: "/usr/bin/cmake" "-DTEST_EXECUTABLE=/home/otiose/repos/epita/vlg/ext/igraph-0.9.4/build/tests/example_dqueue" "-DEXPECTED_OUTPUT_FILE=/home/otiose/repos/epita/vlg/ext/igraph-0.9.4/examples/simple/dqueue.out" "-DOBSERVED_OUTPUT_FILE=/home/otiose/repos/epita/vlg/ext/igraph-0.9.4/build/tests/example_dqueue.out" "-DDIFF_FILE=/home/otiose/repos/epita/vlg/ext/igraph-0.9.4/build/tests/example_dqueue.diff" "-DDIFF_TOOL=/usr/bin/diff" "-DFC_TOOL=" "-DIGRAPH_VERSION=0.9.4" "-P" "/home/otiose/repos/epita/vlg/ext/igraph-0.9.4/etc/cmake/run_legacy_test.cmake"
Directory: /home/otiose/repos/epita/vlg/ext/igraph-0.9.4/build/tests
"example::dqueue" start time: Jul 07 12:07 CEST
Output:
----------------------------------------------------------
<end of output>
Test time =   0.05 sec
----------------------------------------------------------
Test Passed.
"example::dqueue" end time: Jul 07 12:07 CEST
"example::dqueue" time elapsed: 00:00:00
----------------------------------------------------------

7/398 Testing: example::igraph_sparsemat
7/398 Test: example::igraph_sparsemat
Command: "/usr/bin/cmake" "-DTEST_EXECUTABLE=/home/otiose/repos/epita/vlg/ext/igraph-0.9.4/build/tests/example_igraph_sparsemat" "-DEXPECTED_OUTPUT_FILE=/home/otiose/repos/epita/vlg/ext/igraph-0.9.4/examples/simple/igraph_sparsemat.out" "-DOBSERVED_OUTPUT_FILE=/home/otiose/repos/epita/vlg/ext/igraph-0.9.4/build/tests/example_igraph_sparsemat.out" "-DDIFF_FILE=/home/otiose/repos/epita/vlg/ext/igraph-0.9.4/build/tests/example_igraph_sparsemat.diff" "-DDIFF_TOOL=/usr/bin/diff" "-DFC_TOOL=" "-DIGRAPH_VERSION=0.9.4" "-P" "/home/otiose/repos/epita/vlg/ext/igraph-0.9.4/etc/cmake/run_legacy_test.cmake"
Directory: /home/otiose/repos/epita/vlg/ext/igraph-0.9.4/build/tests
"example::igraph_sparsemat" start time: Jul 07 12:07 CEST
Output:
----------------------------------------------------------
<end of output>
Test time =   0.05 sec
----------------------------------------------------------
Test Passed.
"example::igraph_sparsemat" end time: Jul 07 12:07 CEST
"example::igraph_sparsemat" time elapsed: 00:00:00
----------------------------------------------------------

8/398 Testing: example::igraph_sparsemat3
8/398 Test: example::igraph_sparsemat3
Command: "/usr/bin/cmake" "-DTEST_EXECUTABLE=/home/otiose/repos/epita/vlg/ext/igraph-0.9.4/build/tests/example_igraph_sparsemat3" "-DEXPECTED_OUTPUT_FILE=/home/otiose/repos/epita/vlg/ext/igraph-0.9.4/examples/simple/igraph_sparsemat3.out" "-DOBSERVED_OUTPUT_FILE=/home/otiose/repos/epita/vlg/ext/igraph-0.9.4/build/tests/example_igraph_sparsemat3.out" "-DDIFF_FILE=/home/otiose/repos/epita/vlg/ext/igraph-0.9.4/build/tests/example_igraph_sparsemat3.diff" "-DDIFF_TOOL=/usr/bin/diff" "-DFC_TOOL=" "-DIGRAPH_VERSION=0.9.4" "-P" "/home/otiose/repos/epita/vlg/ext/igraph-0.9.4/etc/cmake/run_legacy_test.cmake"
Directory: /home/otiose/repos/epita/vlg/ext/igraph-0.9.4/build/tests
"example::igraph_sparsemat3" start time: Jul 07 12:07 CEST
Output:
----------------------------------------------------------
<end of output>
Test time =   0.05 sec
----------------------------------------------------------
Test Passed.
"example::igraph_sparsemat3" end time: Jul 07 12:07 CEST
"example::igraph_sparsemat3" time elapsed: 00:00:00
----------------------------------------------------------

9/398 Testing: example::igraph_sparsemat4
9/398 Test: example::igraph_sparsemat4
Command: "/usr/bin/cmake" "-DTEST_EXECUTABLE=/home/otiose/repos/epita/vlg/ext/igraph-0.9.4/build/tests/example_igraph_sparsemat4" "-DEXPECTED_OUTPUT_FILE=/home/otiose/repos/epita/vlg/ext/igraph-0.9.4/examples/simple/igraph_sparsemat4.out" "-DOBSERVED_OUTPUT_FILE=/home/otiose/repos/epita/vlg/ext/igraph-0.9.4/build/tests/example_igraph_sparsemat4.out" "-DDIFF_FILE=/home/otiose/repos/epita/vlg/ext/igraph-0.9.4/build/tests/example_igraph_sparsemat4.diff" "-DDIFF_TOOL=/usr/bin/diff" "-DFC_TOOL=" "-DIGRAPH_VERSION=0.9.4" "-P" "/home/otiose/repos/epita/vlg/ext/igraph-0.9.4/etc/cmake/run_legacy_test.cmake"
Directory: /home/otiose/repos/epita/vlg/ext/igraph-0.9.4/build/tests
"example::igraph_sparsemat4" start time: Jul 07 12:07 CEST
Output:
----------------------------------------------------------
<end of output>
Test time =   0.05 sec
----------------------------------------------------------
Test Passed.
"example::igraph_sparsemat4" end time: Jul 07 12:07 CEST
"example::igraph_sparsemat4" time elapsed: 00:00:00
----------------------------------------------------------

10/398 Testing: example::igraph_sparsemat6
10/398 Test: example::igraph_sparsemat6
Command: "/home/otiose/repos/epita/vlg/ext/igraph-0.9.4/build/tests/example_igraph_sparsemat6"
Directory: /home/otiose/repos/epita/vlg/ext/igraph-0.9.4/examples/simple
"example::igraph_sparsemat6" start time: Jul 07 12:07 CEST
Output:
----------------------------------------------------------
<end of output>
Test time =   0.02 sec
----------------------------------------------------------
Test Passed.
"example::igraph_sparsemat6" end time: Jul 07 12:07 CEST
"example::igraph_sparsemat6" time elapsed: 00:00:00
----------------------------------------------------------

11/398 Testing: example::igraph_sparsemat7
11/398 Test: example::igraph_sparsemat7
Command: "/home/otiose/repos/epita/vlg/ext/igraph-0.9.4/build/tests/example_igraph_sparsemat7"
Directory: /home/otiose/repos/epita/vlg/ext/igraph-0.9.4/examples/simple
"example::igraph_sparsemat7" start time: Jul 07 12:07 CEST
Output:
----------------------------------------------------------
<end of output>
Test time =   0.01 sec
----------------------------------------------------------
Test Passed.
"example::igraph_sparsemat7" end time: Jul 07 12:07 CEST
"example::igraph_sparsemat7" time elapsed: 00:00:00
----------------------------------------------------------

12/398 Testing: example::igraph_sparsemat8
12/398 Test: example::igraph_sparsemat8
Command: "/home/otiose/repos/epita/vlg/ext/igraph-0.9.4/build/tests/example_igraph_sparsemat8"
Directory: /home/otiose/repos/epita/vlg/ext/igraph-0.9.4/examples/simple
"example::igraph_sparsemat8" start time: Jul 07 12:07 CEST
Output:
----------------------------------------------------------
<end of output>
Test time =   0.01 sec
----------------------------------------------------------
Test Passed.
"example::igraph_sparsemat8" end time: Jul 07 12:07 CEST
"example::igraph_sparsemat8" time elapsed: 00:00:00
----------------------------------------------------------

13/398 Testing: example::igraph_strvector
13/398 Test: example::igraph_strvector
Command: "/usr/bin/cmake" "-DTEST_EXECUTABLE=/home/otiose/repos/epita/vlg/ext/igraph-0.9.4/build/tests/example_igraph_strvector" "-DEXPECTED_OUTPUT_FILE=/home/otiose/repos/epita/vlg/ext/igraph-0.9.4/examples/simple/igraph_strvector.out" "-DOBSERVED_OUTPUT_FILE=/home/otiose/repos/epita/vlg/ext/igraph-0.9.4/build/tests/example_igraph_strvector.out" "-DDIFF_FILE=/home/otiose/repos/epita/vlg/ext/igraph-0.9.4/build/tests/example_igraph_strvector.diff" "-DDIFF_TOOL=/usr/bin/diff" "-DFC_TOOL=" "-DIGRAPH_VERSION=0.9.4" "-P" "/home/otiose/repos/epita/vlg/ext/igraph-0.9.4/etc/cmake/run_legacy_test.cmake"
Directory: /home/otiose/repos/epita/vlg/ext/igraph-0.9.4/build/tests
"example::igraph_strvector" start time: Jul 07 12:07 CEST
Output:
----------------------------------------------------------
<end of output>
Test time =   0.05 sec
----------------------------------------------------------
Test Passed.
"example::igraph_strvector" end time: Jul 07 12:07 CEST
"example::igraph_strvector" time elapsed: 00:00:00
----------------------------------------------------------

14/398 Testing: example::igraph_vector_ptr_sort
14/398 Test: example::igraph_vector_ptr_sort
Command: "/home/otiose/repos/epita/vlg/ext/igraph-0.9.4/build/tests/example_igraph_vector_ptr_sort"
Directory: /home/otiose/repos/epita/vlg/ext/igraph-0.9.4/examples/simple
"example::igraph_vector_ptr_sort" start time: Jul 07 12:07 CEST
Output:
----------------------------------------------------------
Maximal cliques in lexicographical order:
1 0 7 9 3
1 0 7 9 4
1 0 7 13 12 8 3
1 0 7 13 12 8 4
1 0 14 9 6 3
1 0 14 9 6 4
1 0 14 13 6 3
1 0 14 13 6 4
1 0 14 13 12 8 3
1 0 14 13 12 8 4
2 3 7 9 0
2 3 7 9 5
2 3 7 13 5
2 3 7 13 12 0
2 3 14 9 6 0
2 3 14 9 6 5
2 3 14 13 6 0
2 3 14 13 6 5
2 3 14 13 12 0
2 4 7 9 0
2 4 7 9 10 5
2 4 7 13 5 10
2 4 7 13 12 0
2 4 7 13 12 10
2 4 14 9 6 0
2 4 14 9 6 10 5
2 4 14 13 6 0
2 4 14 13 6 10 5
2 4 14 13 12 0
2 4 14 13 12 10
4 8 13 12 10 7
4 8 13 12 10 14
11 3 14 6 1
11 3 14 6 2
11 3 14 12 1
11 3 14 12 2

Maximal cliques in colexicographical order:
2 3 14 9 6 0
2 4 14 9 6 0
2 3 14 13 6 0
2 4 14 13 6 0
2 3 7 9 0
2 4 7 9 0
2 3 7 13 12 0
2 4 7 13 12 0
2 3 14 13 12 0
2 4 14 13 12 0
11 3 14 6 1
11 3 14 12 1
11 3 14 6 2
11 3 14 12 2
1 0 14 9 6 3
1 0 14 13 6 3
1 0 7 13 12 8 3
1 0 14 13 12 8 3
1 0 7 9 3
1 0 14 9 6 4
1 0 14 13 6 4
1 0 7 13 12 8 4
1 0 14 13 12 8 4
1 0 7 9 4
2 3 14 9 6 5
2 3 14 13 6 5
2 3 7 9 5
2 4 14 9 6 10 5
2 4 14 13 6 10 5
2 4 7 9 10 5
2 3 7 13 5
4 8 13 12 10 7
2 4 7 13 5 10
2 4 7 13 12 10
2 4 14 13 12 10
4 8 13 12 10 14
<end of output>
Test time =   0.01 sec
----------------------------------------------------------
Test Passed.
"example::igraph_vector_ptr_sort" end time: Jul 07 12:07 CEST
"example::igraph_vector_ptr_sort" time elapsed: 00:00:00
----------------------------------------------------------

15/398 Testing: test::heap
15/398 Test: test::heap
Command: "/usr/bin/cmake" "-DTEST_EXECUTABLE=/home/otiose/repos/epita/vlg/ext/igraph-0.9.4/build/tests/test_heap" "-DEXPECTED_OUTPUT_FILE=/home/otiose/repos/epita/vlg/ext/igraph-0.9.4/tests/unit/heap.out" "-DOBSERVED_OUTPUT_FILE=/home/otiose/repos/epita/vlg/ext/igraph-0.9.4/build/tests/test_heap.out" "-DDIFF_FILE=/home/otiose/repos/epita/vlg/ext/igraph-0.9.4/build/tests/test_heap.diff" "-DDIFF_TOOL=/usr/bin/diff" "-DFC_TOOL=" "-DIGRAPH_VERSION=0.9.4" "-P" "/home/otiose/repos/epita/vlg/ext/igraph-0.9.4/etc/cmake/run_legacy_test.cmake"
Directory: /home/otiose/repos/epita/vlg/ext/igraph-0.9.4/build/tests
"test::heap" start time: Jul 07 12:07 CEST
Output:
----------------------------------------------------------
<end of output>
Test time =   0.04 sec
----------------------------------------------------------
Test Passed.
"test::heap" end time: Jul 07 12:07 CEST
"test::heap" time elapsed: 00:00:00
----------------------------------------------------------

16/398 Testing: test::igraph_array
16/398 Test: test::igraph_array
Command: "/usr/bin/cmake" "-DTEST_EXECUTABLE=/home/otiose/repos/epita/vlg/ext/igraph-0.9.4/build/tests/test_igraph_array" "-DEXPECTED_OUTPUT_FILE=/home/otiose/repos/epita/vlg/ext/igraph-0.9.4/tests/unit/igraph_array.out" "-DOBSERVED_OUTPUT_FILE=/home/otiose/repos/epita/vlg/ext/igraph-0.9.4/build/tests/test_igraph_array.out" "-DDIFF_FILE=/home/otiose/repos/epita/vlg/ext/igraph-0.9.4/build/tests/test_igraph_array.diff" "-DDIFF_TOOL=/usr/bin/diff" "-DFC_TOOL=" "-DIGRAPH_VERSION=0.9.4" "-P" "/home/otiose/repos/epita/vlg/ext/igraph-0.9.4/etc/cmake/run_legacy_test.cmake"
Directory: /home/otiose/repos/epita/vlg/ext/igraph-0.9.4/build/tests
"test::igraph_array" start time: Jul 07 12:07 CEST
Output:
----------------------------------------------------------
<end of output>
Test time =   0.05 sec
----------------------------------------------------------
Test Passed.
"test::igraph_array" end time: Jul 07 12:07 CEST
"test::igraph_array" time elapsed: 00:00:00
----------------------------------------------------------

17/398 Testing: test::igraph_complex
17/398 Test: test::igraph_complex
Command: "/home/otiose/repos/epita/vlg/ext/igraph-0.9.4/build/tests/test_igraph_complex"
Directory: /home/otiose/repos/epita/vlg/ext/igraph-0.9.4/tests/unit
"test::igraph_complex" start time: Jul 07 12:07 CEST
Output:
----------------------------------------------------------
<end of output>
Test time =   0.01 sec
----------------------------------------------------------
Test Passed.
"test::igraph_complex" end time: Jul 07 12:07 CEST
"test::igraph_complex" time elapsed: 00:00:00
----------------------------------------------------------

18/398 Testing: test::igraph_psumtree
18/398 Test: test::igraph_psumtree
Command: "/home/otiose/repos/epita/vlg/ext/igraph-0.9.4/build/tests/test_igraph_psumtree"
Directory: /home/otiose/repos/epita/vlg/ext/igraph-0.9.4/tests/unit
"test::igraph_psumtree" start time: Jul 07 12:07 CEST
Output:
----------------------------------------------------------
<end of output>
Test time =   0.02 sec
----------------------------------------------------------
Test Passed.
"test::igraph_psumtree" end time: Jul 07 12:07 CEST
"test::igraph_psumtree" time elapsed: 00:00:00
----------------------------------------------------------

19/398 Testing: test::igraph_sparsemat5
19/398 Test: test::igraph_sparsemat5
Command: "/usr/bin/cmake" "-DTEST_EXECUTABLE=/home/otiose/repos/epita/vlg/ext/igraph-0.9.4/build/tests/test_igraph_sparsemat5" "-DEXPECTED_OUTPUT_FILE=/home/otiose/repos/epita/vlg/ext/igraph-0.9.4/tests/unit/igraph_sparsemat5.out" "-DOBSERVED_OUTPUT_FILE=/home/otiose/repos/epita/vlg/ext/igraph-0.9.4/build/tests/test_igraph_sparsemat5.out" "-DDIFF_FILE=/home/otiose/repos/epita/vlg/ext/igraph-0.9.4/build/tests/test_igraph_sparsemat5.diff" "-DDIFF_TOOL=/usr/bin/diff" "-DFC_TOOL=" "-DIGRAPH_VERSION=0.9.4" "-P" "/home/otiose/repos/epita/vlg/ext/igraph-0.9.4/etc/cmake/run_legacy_test.cmake"
Directory: /home/otiose/repos/epita/vlg/ext/igraph-0.9.4/build/tests
"test::igraph_sparsemat5" start time: Jul 07 12:07 CEST
Output:
----------------------------------------------------------
<end of output>
Test time =   0.06 sec
----------------------------------------------------------
Test Passed.
"test::igraph_sparsemat5" end time: Jul 07 12:07 CEST
"test::igraph_sparsemat5" time elapsed: 00:00:00
----------------------------------------------------------

20/398 Testing: test::igraph_sparsemat9
20/398 Test: test::igraph_sparsemat9
Command: "/home/otiose/repos/epita/vlg/ext/igraph-0.9.4/build/tests/test_igraph_sparsemat9"
Directory: /home/otiose/repos/epita/vlg/ext/igraph-0.9.4/tests/unit
"test::igraph_sparsemat9" start time: Jul 07 12:07 CEST
Output:
----------------------------------------------------------
<end of output>
Test time =   0.02 sec
----------------------------------------------------------
Test Passed.
"test::igraph_sparsemat9" end time: Jul 07 12:07 CEST
"test::igraph_sparsemat9" time elapsed: 00:00:00
----------------------------------------------------------

21/398 Testing: test::igraph_sparsemat_droptol
21/398 Test: test::igraph_sparsemat_droptol
Command: "/usr/bin/cmake" "-DTEST_EXECUTABLE=/home/otiose/repos/epita/vlg/ext/igraph-0.9.4/build/tests/test_igraph_sparsemat_droptol" "-DEXPECTED_OUTPUT_FILE=/home/otiose/repos/epita/vlg/ext/igraph-0.9.4/tests/unit/igraph_sparsemat_droptol.out" "-DOBSERVED_OUTPUT_FILE=/home/otiose/repos/epita/vlg/ext/igraph-0.9.4/build/tests/test_igraph_sparsemat_droptol.out" "-DDIFF_FILE=/home/otiose/repos/epita/vlg/ext/igraph-0.9.4/build/tests/test_igraph_sparsemat_droptol.diff" "-DDIFF_TOOL=/usr/bin/diff" "-DFC_TOOL=" "-DIGRAPH_VERSION=0.9.4" "-P" "/home/otiose/repos/epita/vlg/ext/igraph-0.9.4/etc/cmake/run_legacy_test.cmake"
Directory: /home/otiose/repos/epita/vlg/ext/igraph-0.9.4/build/tests
"test::igraph_sparsemat_droptol" start time: Jul 07 12:07 CEST
Output:
----------------------------------------------------------
<end of output>
Test time =   0.05 sec
----------------------------------------------------------
Test Passed.
"test::igraph_sparsemat_droptol" end time: Jul 07 12:07 CEST
"test::igraph_sparsemat_droptol" time elapsed: 00:00:00
----------------------------------------------------------

22/398 Testing: test::igraph_sparsemat_fkeep
22/398 Test: test::igraph_sparsemat_fkeep
Command: "/usr/bin/cmake" "-DTEST_EXECUTABLE=/home/otiose/repos/epita/vlg/ext/igraph-0.9.4/build/tests/test_igraph_sparsemat_fkeep" "-DEXPECTED_OUTPUT_FILE=/home/otiose/repos/epita/vlg/ext/igraph-0.9.4/tests/unit/igraph_sparsemat_fkeep.out" "-DOBSERVED_OUTPUT_FILE=/home/otiose/repos/epita/vlg/ext/igraph-0.9.4/build/tests/test_igraph_sparsemat_fkeep.out" "-DDIFF_FILE=/home/otiose/repos/epita/vlg/ext/igraph-0.9.4/build/tests/test_igraph_sparsemat_fkeep.diff" "-DDIFF_TOOL=/usr/bin/diff" "-DFC_TOOL=" "-DIGRAPH_VERSION=0.9.4" "-P" "/home/otiose/repos/epita/vlg/ext/igraph-0.9.4/etc/cmake/run_legacy_test.cmake"
Directory: /home/otiose/repos/epita/vlg/ext/igraph-0.9.4/build/tests
"test::igraph_sparsemat_fkeep" start time: Jul 07 12:07 CEST
Output:
----------------------------------------------------------
<end of output>
Test time =   0.04 sec
----------------------------------------------------------
Test Passed.
"test::igraph_sparsemat_fkeep" end time: Jul 07 12:07 CEST
"test::igraph_sparsemat_fkeep" time elapsed: 00:00:00
----------------------------------------------------------

23/398 Testing: test::igraph_sparsemat_getelements_sorted
23/398 Test: test::igraph_sparsemat_getelements_sorted
Command: "/usr/bin/cmake" "-DTEST_EXECUTABLE=/home/otiose/repos/epita/vlg/ext/igraph-0.9.4/build/tests/test_igraph_sparsemat_getelements_sorted" "-DEXPECTED_OUTPUT_FILE=/home/otiose/repos/epita/vlg/ext/igraph-0.9.4/tests/unit/igraph_sparsemat_getelements_sorted.out" "-DOBSERVED_OUTPUT_FILE=/home/otiose/repos/epita/vlg/ext/igraph-0.9.4/build/tests/test_igraph_sparsemat_getelements_sorted.out" "-DDIFF_FILE=/home/otiose/repos/epita/vlg/ext/igraph-0.9.4/build/tests/test_igraph_sparsemat_getelements_sorted.diff" "-DDIFF_TOOL=/usr/bin/diff" "-DFC_TOOL=" "-DIGRAPH_VERSION=0.9.4" "-P" "/home/otiose/repos/epita/vlg/ext/igraph-0.9.4/etc/cmake/run_legacy_test.cmake"
Directory: /home/otiose/repos/epita/vlg/ext/igraph-0.9.4/build/tests
"test::igraph_sparsemat_getelements_sorted" start time: Jul 07 12:07 CEST
Output:
----------------------------------------------------------
<end of output>
Test time =   0.05 sec
----------------------------------------------------------
Test Passed.
"test::igraph_sparsemat_getelements_sorted" end time: Jul 07 12:07 CEST
"test::igraph_sparsemat_getelements_sorted" time elapsed: 00:00:00
----------------------------------------------------------

24/398 Testing: test::igraph_sparsemat_is_symmetric
24/398 Test: test::igraph_sparsemat_is_symmetric
Command: "/home/otiose/repos/epita/vlg/ext/igraph-0.9.4/build/tests/test_igraph_sparsemat_is_symmetric"
Directory: /home/otiose/repos/epita/vlg/ext/igraph-0.9.4/tests/unit
"test::igraph_sparsemat_is_symmetric" start time: Jul 07 12:07 CEST
Output:
----------------------------------------------------------
<end of output>
Test time =   0.01 sec
----------------------------------------------------------
Test Passed.
"test::igraph_sparsemat_is_symmetric" end time: Jul 07 12:07 CEST
"test::igraph_sparsemat_is_symmetric" time elapsed: 00:00:00
----------------------------------------------------------

25/398 Testing: test::igraph_sparsemat_iterator_idx
25/398 Test: test::igraph_sparsemat_iterator_idx
Command: "/home/otiose/repos/epita/vlg/ext/igraph-0.9.4/build/tests/test_igraph_sparsemat_iterator_idx"
Directory: /home/otiose/repos/epita/vlg/ext/igraph-0.9.4/tests/unit
"test::igraph_sparsemat_iterator_idx" start time: Jul 07 12:07 CEST
Output:
----------------------------------------------------------
0x0 matrix.
3x3 matrix.
<end of output>
Test time =   0.01 sec
----------------------------------------------------------
Test Passed.
"test::igraph_sparsemat_iterator_idx" end time: Jul 07 12:07 CEST
"test::igraph_sparsemat_iterator_idx" time elapsed: 00:00:00
----------------------------------------------------------

26/398 Testing: test::igraph_sparsemat_minmax
26/398 Test: test::igraph_sparsemat_minmax
Command: "/usr/bin/cmake" "-DTEST_EXECUTABLE=/home/otiose/repos/epita/vlg/ext/igraph-0.9.4/build/tests/test_igraph_sparsemat_minmax" "-DEXPECTED_OUTPUT_FILE=/home/otiose/repos/epita/vlg/ext/igraph-0.9.4/tests/unit/igraph_sparsemat_minmax.out" "-DOBSERVED_OUTPUT_FILE=/home/otiose/repos/epita/vlg/ext/igraph-0.9.4/build/tests/test_igraph_sparsemat_minmax.out" "-DDIFF_FILE=/home/otiose/repos/epita/vlg/ext/igraph-0.9.4/build/tests/test_igraph_sparsemat_minmax.diff" "-DDIFF_TOOL=/usr/bin/diff" "-DFC_TOOL=" "-DIGRAPH_VERSION=0.9.4" "-P" "/home/otiose/repos/epita/vlg/ext/igraph-0.9.4/etc/cmake/run_legacy_test.cmake"
Directory: /home/otiose/repos/epita/vlg/ext/igraph-0.9.4/build/tests
"test::igraph_sparsemat_minmax" start time: Jul 07 12:07 CEST
Output:
----------------------------------------------------------
<end of output>
Test time =   0.05 sec
----------------------------------------------------------
Test Passed.
"test::igraph_sparsemat_minmax" end time: Jul 07 12:07 CEST
"test::igraph_sparsemat_minmax" time elapsed: 00:00:00
----------------------------------------------------------

27/398 Testing: test::igraph_sparsemat_nonzero_storage
27/398 Test: test::igraph_sparsemat_nonzero_storage
Command: "/home/otiose/repos/epita/vlg/ext/igraph-0.9.4/build/tests/test_igraph_sparsemat_nonzero_storage"
Directory: /home/otiose/repos/epita/vlg/ext/igraph-0.9.4/tests/unit
"test::igraph_sparsemat_nonzero_storage" start time: Jul 07 12:07 CEST
Output:
----------------------------------------------------------
0x0 matrix
3x3 compressed matrix with duplicate values that add up to zero.
Adding one entry to work around some broken error handling.
Removing duplicates should leave us with one entry in each position.
Removing all zeros should leave us with only one entry.
<end of output>
Test time =   0.01 sec
----------------------------------------------------------
Test Passed.
"test::igraph_sparsemat_nonzero_storage" end time: Jul 07 12:07 CEST
"test::igraph_sparsemat_nonzero_storage" time elapsed: 00:00:00
----------------------------------------------------------

28/398 Testing: test::igraph_sparsemat_view
28/398 Test: test::igraph_sparsemat_view
Command: "/usr/bin/cmake" "-DTEST_EXECUTABLE=/home/otiose/repos/epita/vlg/ext/igraph-0.9.4/build/tests/test_igraph_sparsemat_view" "-DEXPECTED_OUTPUT_FILE=/home/otiose/repos/epita/vlg/ext/igraph-0.9.4/tests/unit/igraph_sparsemat_view.out" "-DOBSERVED_OUTPUT_FILE=/home/otiose/repos/epita/vlg/ext/igraph-0.9.4/build/tests/test_igraph_sparsemat_view.out" "-DDIFF_FILE=/home/otiose/repos/epita/vlg/ext/igraph-0.9.4/build/tests/test_igraph_sparsemat_view.diff" "-DDIFF_TOOL=/usr/bin/diff" "-DFC_TOOL=" "-DIGRAPH_VERSION=0.9.4" "-P" "/home/otiose/repos/epita/vlg/ext/igraph-0.9.4/etc/cmake/run_legacy_test.cmake"
Directory: /home/otiose/repos/epita/vlg/ext/igraph-0.9.4/build/tests
"test::igraph_sparsemat_view" start time: Jul 07 12:07 CEST
Output:
----------------------------------------------------------
<end of output>
Test time =   0.05 sec
----------------------------------------------------------
Test Passed.
"test::igraph_sparsemat_view" end time: Jul 07 12:07 CEST
"test::igraph_sparsemat_view" time elapsed: 00:00:00
----------------------------------------------------------

29/398 Testing: test::igraph_sparsemat_which_minmax
29/398 Test: test::igraph_sparsemat_which_minmax
Command: "/usr/bin/cmake" "-DTEST_EXECUTABLE=/home/otiose/repos/epita/vlg/ext/igraph-0.9.4/build/tests/test_igraph_sparsemat_which_minmax" "-DEXPECTED_OUTPUT_FILE=/home/otiose/repos/epita/vlg/ext/igraph-0.9.4/tests/unit/igraph_sparsemat_which_minmax.out" "-DOBSERVED_OUTPUT_FILE=/home/otiose/repos/epita/vlg/ext/igraph-0.9.4/build/tests/test_igraph_sparsemat_which_minmax.out" "-DDIFF_FILE=/home/otiose/repos/epita/vlg/ext/igraph-0.9.4/build/tests/test_igraph_sparsemat_which_minmax.diff" "-DDIFF_TOOL=/usr/bin/diff" "-DFC_TOOL=" "-DIGRAPH_VERSION=0.9.4" "-P" "/home/otiose/repos/epita/vlg/ext/igraph-0.9.4/etc/cmake/run_legacy_test.cmake"
Directory: /home/otiose/repos/epita/vlg/ext/igraph-0.9.4/build/tests
"test::igraph_sparsemat_which_minmax" start time: Jul 07 12:07 CEST
Output:
----------------------------------------------------------
<end of output>
Test time =   0.05 sec
----------------------------------------------------------
Test Passed.
"test::igraph_sparsemat_which_minmax" end time: Jul 07 12:07 CEST
"test::igraph_sparsemat_which_minmax" time elapsed: 00:00:00
----------------------------------------------------------

30/398 Testing: test::igraph_spmatrix_add_col_values
30/398 Test: test::igraph_spmatrix_add_col_values
Command: "/usr/bin/cmake" "-DTEST_EXECUTABLE=/home/otiose/repos/epita/vlg/ext/igraph-0.9.4/build/tests/test_igraph_spmatrix_add_col_values" "-DEXPECTED_OUTPUT_FILE=/home/otiose/repos/epita/vlg/ext/igraph-0.9.4/tests/unit/igraph_spmatrix_add_col_values.out" "-DOBSERVED_OUTPUT_FILE=/home/otiose/repos/epita/vlg/ext/igraph-0.9.4/build/tests/test_igraph_spmatrix_add_col_values.out" "-DDIFF_FILE=/home/otiose/repos/epita/vlg/ext/igraph-0.9.4/build/tests/test_igraph_spmatrix_add_col_values.diff" "-DDIFF_TOOL=/usr/bin/diff" "-DFC_TOOL=" "-DIGRAPH_VERSION=0.9.4" "-P" "/home/otiose/repos/epita/vlg/ext/igraph-0.9.4/etc/cmake/run_legacy_test.cmake"
Directory: /home/otiose/repos/epita/vlg/ext/igraph-0.9.4/build/tests
"test::igraph_spmatrix_add_col_values" start time: Jul 07 12:07 CEST
Output:
----------------------------------------------------------
<end of output>
Test time =   0.05 sec
----------------------------------------------------------
Test Passed.
"test::igraph_spmatrix_add_col_values" end time: Jul 07 12:07 CEST
"test::igraph_spmatrix_add_col_values" time elapsed: 00:00:00
----------------------------------------------------------

31/398 Testing: test::igraph_vector_floor
31/398 Test: test::igraph_vector_floor
Command: "/usr/bin/cmake" "-DTEST_EXECUTABLE=/home/otiose/repos/epita/vlg/ext/igraph-0.9.4/build/tests/test_igraph_vector_floor" "-DEXPECTED_OUTPUT_FILE=/home/otiose/repos/epita/vlg/ext/igraph-0.9.4/tests/unit/igraph_vector_floor.out" "-DOBSERVED_OUTPUT_FILE=/home/otiose/repos/epita/vlg/ext/igraph-0.9.4/build/tests/test_igraph_vector_floor.out" "-DDIFF_FILE=/home/otiose/repos/epita/vlg/ext/igraph-0.9.4/build/tests/test_igraph_vector_floor.diff" "-DDIFF_TOOL=/usr/bin/diff" "-DFC_TOOL=" "-DIGRAPH_VERSION=0.9.4" "-P" "/home/otiose/repos/epita/vlg/ext/igraph-0.9.4/etc/cmake/run_legacy_test.cmake"
Directory: /home/otiose/repos/epita/vlg/ext/igraph-0.9.4/build/tests
"test::igraph_vector_floor" start time: Jul 07 12:07 CEST
Output:
----------------------------------------------------------
<end of output>
Test time =   0.05 sec
----------------------------------------------------------
Test Passed.
"test::igraph_vector_floor" end time: Jul 07 12:07 CEST
"test::igraph_vector_floor" time elapsed: 00:00:00
----------------------------------------------------------

32/398 Testing: test::igraph_vector_lex_cmp
32/398 Test: test::igraph_vector_lex_cmp
Command: "/usr/bin/cmake" "-DTEST_EXECUTABLE=/home/otiose/repos/epita/vlg/ext/igraph-0.9.4/build/tests/test_igraph_vector_lex_cmp" "-DEXPECTED_OUTPUT_FILE=/home/otiose/repos/epita/vlg/ext/igraph-0.9.4/tests/unit/igraph_vector_lex_cmp.out" "-DOBSERVED_OUTPUT_FILE=/home/otiose/repos/epita/vlg/ext/igraph-0.9.4/build/tests/test_igraph_vector_lex_cmp.out" "-DDIFF_FILE=/home/otiose/repos/epita/vlg/ext/igraph-0.9.4/build/tests/test_igraph_vector_lex_cmp.diff" "-DDIFF_TOOL=/usr/bin/diff" "-DFC_TOOL=" "-DIGRAPH_VERSION=0.9.4" "-P" "/home/otiose/repos/epita/vlg/ext/igraph-0.9.4/etc/cmake/run_legacy_test.cmake"
Directory: /home/otiose/repos/epita/vlg/ext/igraph-0.9.4/build/tests
"test::igraph_vector_lex_cmp" start time: Jul 07 12:07 CEST
Output:
----------------------------------------------------------
<end of output>
Test time =   0.05 sec
----------------------------------------------------------
Test Passed.
"test::igraph_vector_lex_cmp" end time: Jul 07 12:07 CEST
"test::igraph_vector_lex_cmp" time elapsed: 00:00:00
----------------------------------------------------------

33/398 Testing: test::matrix
33/398 Test: test::matrix
Command: "/usr/bin/cmake" "-DTEST_EXECUTABLE=/home/otiose/repos/epita/vlg/ext/igraph-0.9.4/build/tests/test_matrix" "-DEXPECTED_OUTPUT_FILE=/home/otiose/repos/epita/vlg/ext/igraph-0.9.4/tests/unit/matrix.out" "-DOBSERVED_OUTPUT_FILE=/home/otiose/repos/epita/vlg/ext/igraph-0.9.4/build/tests/test_matrix.out" "-DDIFF_FILE=/home/otiose/repos/epita/vlg/ext/igraph-0.9.4/build/tests/test_matrix.diff" "-DDIFF_TOOL=/usr/bin/diff" "-DFC_TOOL=" "-DIGRAPH_VERSION=0.9.4" "-P" "/home/otiose/repos/epita/vlg/ext/igraph-0.9.4/etc/cmake/run_legacy_test.cmake"
Directory: /home/otiose/repos/epita/vlg/ext/igraph-0.9.4/build/tests
"test::matrix" start time: Jul 07 12:07 CEST
Output:
----------------------------------------------------------
<end of output>
Test time =   0.05 sec
----------------------------------------------------------
Test Passed.
"test::matrix" end time: Jul 07 12:07 CEST
"test::matrix" time elapsed: 00:00:00
----------------------------------------------------------

34/398 Testing: test::matrix2
34/398 Test: test::matrix2
Command: "/usr/bin/cmake" "-DTEST_EXECUTABLE=/home/otiose/repos/epita/vlg/ext/igraph-0.9.4/build/tests/test_matrix2" "-DEXPECTED_OUTPUT_FILE=/home/otiose/repos/epita/vlg/ext/igraph-0.9.4/tests/unit/matrix2.out" "-DOBSERVED_OUTPUT_FILE=/home/otiose/repos/epita/vlg/ext/igraph-0.9.4/build/tests/test_matrix2.out" "-DDIFF_FILE=/home/otiose/repos/epita/vlg/ext/igraph-0.9.4/build/tests/test_matrix2.diff" "-DDIFF_TOOL=/usr/bin/diff" "-DFC_TOOL=" "-DIGRAPH_VERSION=0.9.4" "-P" "/home/otiose/repos/epita/vlg/ext/igraph-0.9.4/etc/cmake/run_legacy_test.cmake"
Directory: /home/otiose/repos/epita/vlg/ext/igraph-0.9.4/build/tests
"test::matrix2" start time: Jul 07 12:07 CEST
Output:
----------------------------------------------------------
<end of output>
Test time =   0.05 sec
----------------------------------------------------------
Test Passed.
"test::matrix2" end time: Jul 07 12:07 CEST
"test::matrix2" time elapsed: 00:00:00
----------------------------------------------------------

35/398 Testing: test::matrix3
35/398 Test: test::matrix3
Command: "/home/otiose/repos/epita/vlg/ext/igraph-0.9.4/build/tests/test_matrix3"
Directory: /home/otiose/repos/epita/vlg/ext/igraph-0.9.4/tests/unit
"test::matrix3" start time: Jul 07 12:07 CEST
Output:
----------------------------------------------------------
<end of output>
Test time =   0.01 sec
----------------------------------------------------------
Test Passed.
"test::matrix3" end time: Jul 07 12:07 CEST
"test::matrix3" time elapsed: 00:00:00
----------------------------------------------------------

36/398 Testing: test::spmatrix
36/398 Test: test::spmatrix
Command: "/usr/bin/cmake" "-DTEST_EXECUTABLE=/home/otiose/repos/epita/vlg/ext/igraph-0.9.4/build/tests/test_spmatrix" "-DEXPECTED_OUTPUT_FILE=/home/otiose/repos/epita/vlg/ext/igraph-0.9.4/tests/unit/spmatrix.out" "-DOBSERVED_OUTPUT_FILE=/home/otiose/repos/epita/vlg/ext/igraph-0.9.4/build/tests/test_spmatrix.out" "-DDIFF_FILE=/home/otiose/repos/epita/vlg/ext/igraph-0.9.4/build/tests/test_spmatrix.diff" "-DDIFF_TOOL=/usr/bin/diff" "-DFC_TOOL=" "-DIGRAPH_VERSION=0.9.4" "-P" "/home/otiose/repos/epita/vlg/ext/igraph-0.9.4/etc/cmake/run_legacy_test.cmake"
Directory: /home/otiose/repos/epita/vlg/ext/igraph-0.9.4/build/tests
"test::spmatrix" start time: Jul 07 12:07 CEST
Output:
----------------------------------------------------------
<end of output>
Test time =   0.05 sec
----------------------------------------------------------
Test Passed.
"test::spmatrix" end time: Jul 07 12:07 CEST
"test::spmatrix" time elapsed: 00:00:00
----------------------------------------------------------

37/398 Testing: test::spmatrix_clear
37/398 Test: test::spmatrix_clear
Command: "/usr/bin/cmake" "-DTEST_EXECUTABLE=/home/otiose/repos/epita/vlg/ext/igraph-0.9.4/build/tests/test_spmatrix_clear" "-DEXPECTED_OUTPUT_FILE=/home/otiose/repos/epita/vlg/ext/igraph-0.9.4/tests/unit/spmatrix_clear.out" "-DOBSERVED_OUTPUT_FILE=/home/otiose/repos/epita/vlg/ext/igraph-0.9.4/build/tests/test_spmatrix_clear.out" "-DDIFF_FILE=/home/otiose/repos/epita/vlg/ext/igraph-0.9.4/build/tests/test_spmatrix_clear.diff" "-DDIFF_TOOL=/usr/bin/diff" "-DFC_TOOL=" "-DIGRAPH_VERSION=0.9.4" "-P" "/home/otiose/repos/epita/vlg/ext/igraph-0.9.4/etc/cmake/run_legacy_test.cmake"
Directory: /home/otiose/repos/epita/vlg/ext/igraph-0.9.4/build/tests
"test::spmatrix_clear" start time: Jul 07 12:07 CEST
Output:
----------------------------------------------------------
<end of output>
Test time =   0.05 sec
----------------------------------------------------------
Test Passed.
"test::spmatrix_clear" end time: Jul 07 12:07 CEST
"test::spmatrix_clear" time elapsed: 00:00:00
----------------------------------------------------------

38/398 Testing: test::stack
38/398 Test: test::stack
Command: "/home/otiose/repos/epita/vlg/ext/igraph-0.9.4/build/tests/test_stack"
Directory: /home/otiose/repos/epita/vlg/ext/igraph-0.9.4/tests/unit
"test::stack" start time: Jul 07 12:07 CEST
Output:
----------------------------------------------------------
<end of output>
Test time =   0.01 sec
----------------------------------------------------------
Test Passed.
"test::stack" end time: Jul 07 12:07 CEST
"test::stack" time elapsed: 00:00:00
----------------------------------------------------------

39/398 Testing: test::strvector_set2_remove_print
39/398 Test: test::strvector_set2_remove_print
Command: "/usr/bin/cmake" "-DTEST_EXECUTABLE=/home/otiose/repos/epita/vlg/ext/igraph-0.9.4/build/tests/test_strvector_set2_remove_print" "-DEXPECTED_OUTPUT_FILE=/home/otiose/repos/epita/vlg/ext/igraph-0.9.4/tests/unit/strvector_set2_remove_print.out" "-DOBSERVED_OUTPUT_FILE=/home/otiose/repos/epita/vlg/ext/igraph-0.9.4/build/tests/test_strvector_set2_remove_print.out" "-DDIFF_FILE=/home/otiose/repos/epita/vlg/ext/igraph-0.9.4/build/tests/test_strvector_set2_remove_print.diff" "-DDIFF_TOOL=/usr/bin/diff" "-DFC_TOOL=" "-DIGRAPH_VERSION=0.9.4" "-P" "/home/otiose/repos/epita/vlg/ext/igraph-0.9.4/etc/cmake/run_legacy_test.cmake"
Directory: /home/otiose/repos/epita/vlg/ext/igraph-0.9.4/build/tests
"test::strvector_set2_remove_print" start time: Jul 07 12:07 CEST
Output:
----------------------------------------------------------
<end of output>
Test time =   0.06 sec
----------------------------------------------------------
Test Passed.
"test::strvector_set2_remove_print" end time: Jul 07 12:07 CEST
"test::strvector_set2_remove_print" time elapsed: 00:00:00
----------------------------------------------------------

40/398 Testing: test::vector
40/398 Test: test::vector
Command: "/usr/bin/cmake" "-DTEST_EXECUTABLE=/home/otiose/repos/epita/vlg/ext/igraph-0.9.4/build/tests/test_vector" "-DEXPECTED_OUTPUT_FILE=/home/otiose/repos/epita/vlg/ext/igraph-0.9.4/tests/unit/vector.out" "-DOBSERVED_OUTPUT_FILE=/home/otiose/repos/epita/vlg/ext/igraph-0.9.4/build/tests/test_vector.out" "-DDIFF_FILE=/home/otiose/repos/epita/vlg/ext/igraph-0.9.4/build/tests/test_vector.diff" "-DDIFF_TOOL=/usr/bin/diff" "-DFC_TOOL=" "-DIGRAPH_VERSION=0.9.4" "-P" "/home/otiose/repos/epita/vlg/ext/igraph-0.9.4/etc/cmake/run_legacy_test.cmake"
Directory: /home/otiose/repos/epita/vlg/ext/igraph-0.9.4/build/tests
"test::vector" start time: Jul 07 12:07 CEST
Output:
----------------------------------------------------------
<end of output>
Test time =   0.05 sec
----------------------------------------------------------
Test Passed.
"test::vector" end time: Jul 07 12:07 CEST
"test::vector" time elapsed: 00:00:00
----------------------------------------------------------

41/398 Testing: test::vector2
41/398 Test: test::vector2
Command: "/usr/bin/cmake" "-DTEST_EXECUTABLE=/home/otiose/repos/epita/vlg/ext/igraph-0.9.4/build/tests/test_vector2" "-DEXPECTED_OUTPUT_FILE=/home/otiose/repos/epita/vlg/ext/igraph-0.9.4/tests/unit/vector2.out" "-DOBSERVED_OUTPUT_FILE=/home/otiose/repos/epita/vlg/ext/igraph-0.9.4/build/tests/test_vector2.out" "-DDIFF_FILE=/home/otiose/repos/epita/vlg/ext/igraph-0.9.4/build/tests/test_vector2.diff" "-DDIFF_TOOL=/usr/bin/diff" "-DFC_TOOL=" "-DIGRAPH_VERSION=0.9.4" "-P" "/home/otiose/repos/epita/vlg/ext/igraph-0.9.4/etc/cmake/run_legacy_test.cmake"
Directory: /home/otiose/repos/epita/vlg/ext/igraph-0.9.4/build/tests
"test::vector2" start time: Jul 07 12:07 CEST
Output:
----------------------------------------------------------
<end of output>
Test time =   0.05 sec
----------------------------------------------------------
Test Passed.
"test::vector2" end time: Jul 07 12:07 CEST
"test::vector2" time elapsed: 00:00:00
----------------------------------------------------------

42/398 Testing: test::vector3
42/398 Test: test::vector3
Command: "/home/otiose/repos/epita/vlg/ext/igraph-0.9.4/build/tests/test_vector3"
Directory: /home/otiose/repos/epita/vlg/ext/igraph-0.9.4/tests/unit
"test::vector3" start time: Jul 07 12:07 CEST
Output:
----------------------------------------------------------
<end of output>
Test time =   0.01 sec
----------------------------------------------------------
Test Passed.
"test::vector3" end time: Jul 07 12:07 CEST
"test::vector3" time elapsed: 00:00:00
----------------------------------------------------------

43/398 Testing: test::vector_ptr
43/398 Test: test::vector_ptr
Command: "/home/otiose/repos/epita/vlg/ext/igraph-0.9.4/build/tests/test_vector_ptr"
Directory: /home/otiose/repos/epita/vlg/ext/igraph-0.9.4/tests/unit
"test::vector_ptr" start time: Jul 07 12:07 CEST
Output:
----------------------------------------------------------
<end of output>
Test time =   0.01 sec
----------------------------------------------------------
Test Passed.
"test::vector_ptr" end time: Jul 07 12:07 CEST
"test::vector_ptr" time elapsed: 00:00:00
----------------------------------------------------------

44/398 Testing: test::igraph_sparsemat2
44/398 Test: test::igraph_sparsemat2
Command: "/usr/bin/cmake" "-DTEST_EXECUTABLE=/home/otiose/repos/epita/vlg/ext/igraph-0.9.4/build/tests/test_igraph_sparsemat2" "-DEXPECTED_OUTPUT_FILE=/home/otiose/repos/epita/vlg/ext/igraph-0.9.4/tests/unit/igraph_sparsemat2.out" "-DOBSERVED_OUTPUT_FILE=/home/otiose/repos/epita/vlg/ext/igraph-0.9.4/build/tests/test_igraph_sparsemat2.out" "-DDIFF_FILE=/home/otiose/repos/epita/vlg/ext/igraph-0.9.4/build/tests/test_igraph_sparsemat2.diff" "-DDIFF_TOOL=/usr/bin/diff" "-DFC_TOOL=" "-DIGRAPH_VERSION=0.9.4" "-P" "/home/otiose/repos/epita/vlg/ext/igraph-0.9.4/etc/cmake/run_legacy_test.cmake"
Directory: /home/otiose/repos/epita/vlg/ext/igraph-0.9.4/build/tests
"test::igraph_sparsemat2" start time: Jul 07 12:07 CEST
Output:
----------------------------------------------------------
<end of output>
Test time =   0.05 sec
----------------------------------------------------------
Test Passed.
"test::igraph_sparsemat2" end time: Jul 07 12:07 CEST
"test::igraph_sparsemat2" time elapsed: 00:00:00
----------------------------------------------------------

45/398 Testing: test::2wheap
45/398 Test: test::2wheap
Command: "/home/otiose/repos/epita/vlg/ext/igraph-0.9.4/build/tests/test_2wheap"
Directory: /home/otiose/repos/epita/vlg/ext/igraph-0.9.4/tests/unit
"test::2wheap" start time: Jul 07 12:07 CEST
Output:
----------------------------------------------------------
<end of output>
Test time =   0.01 sec
----------------------------------------------------------
Test Passed.
"test::2wheap" end time: Jul 07 12:07 CEST
"test::2wheap" time elapsed: 00:00:00
----------------------------------------------------------

46/398 Testing: test::cutheap
46/398 Test: test::cutheap
Command: "/usr/bin/cmake" "-DTEST_EXECUTABLE=/home/otiose/repos/epita/vlg/ext/igraph-0.9.4/build/tests/test_cutheap" "-DEXPECTED_OUTPUT_FILE=/home/otiose/repos/epita/vlg/ext/igraph-0.9.4/tests/unit/cutheap.out" "-DOBSERVED_OUTPUT_FILE=/home/otiose/repos/epita/vlg/ext/igraph-0.9.4/build/tests/test_cutheap.out" "-DDIFF_FILE=/home/otiose/repos/epita/vlg/ext/igraph-0.9.4/build/tests/test_cutheap.diff" "-DDIFF_TOOL=/usr/bin/diff" "-DFC_TOOL=" "-DIGRAPH_VERSION=0.9.4" "-P" "/home/otiose/repos/epita/vlg/ext/igraph-0.9.4/etc/cmake/run_legacy_test.cmake"
Directory: /home/otiose/repos/epita/vlg/ext/igraph-0.9.4/build/tests
"test::cutheap" start time: Jul 07 12:07 CEST
Output:
----------------------------------------------------------
<end of output>
Test time =   0.05 sec
----------------------------------------------------------
Test Passed.
"test::cutheap" end time: Jul 07 12:07 CEST
"test::cutheap" time elapsed: 00:00:00
----------------------------------------------------------

47/398 Testing: test::d_indheap
47/398 Test: test::d_indheap
Command: "/usr/bin/cmake" "-DTEST_EXECUTABLE=/home/otiose/repos/epita/vlg/ext/igraph-0.9.4/build/tests/test_d_indheap" "-DEXPECTED_OUTPUT_FILE=/home/otiose/repos/epita/vlg/ext/igraph-0.9.4/tests/unit/d_indheap.out" "-DOBSERVED_OUTPUT_FILE=/home/otiose/repos/epita/vlg/ext/igraph-0.9.4/build/tests/test_d_indheap.out" "-DDIFF_FILE=/home/otiose/repos/epita/vlg/ext/igraph-0.9.4/build/tests/test_d_indheap.diff" "-DDIFF_TOOL=/usr/bin/diff" "-DFC_TOOL=" "-DIGRAPH_VERSION=0.9.4" "-P" "/home/otiose/repos/epita/vlg/ext/igraph-0.9.4/etc/cmake/run_legacy_test.cmake"
Directory: /home/otiose/repos/epita/vlg/ext/igraph-0.9.4/build/tests
"test::d_indheap" start time: Jul 07 12:07 CEST
Output:
----------------------------------------------------------
<end of output>
Test time =   0.05 sec
----------------------------------------------------------
Test Passed.
"test::d_indheap" end time: Jul 07 12:07 CEST
"test::d_indheap" time elapsed: 00:00:00
----------------------------------------------------------

48/398 Testing: test::hashtable
48/398 Test: test::hashtable
Command: "/usr/bin/cmake" "-DTEST_EXECUTABLE=/home/otiose/repos/epita/vlg/ext/igraph-0.9.4/build/tests/test_hashtable" "-DEXPECTED_OUTPUT_FILE=/home/otiose/repos/epita/vlg/ext/igraph-0.9.4/tests/unit/hashtable.out" "-DOBSERVED_OUTPUT_FILE=/home/otiose/repos/epita/vlg/ext/igraph-0.9.4/build/tests/test_hashtable.out" "-DDIFF_FILE=/home/otiose/repos/epita/vlg/ext/igraph-0.9.4/build/tests/test_hashtable.diff" "-DDIFF_TOOL=/usr/bin/diff" "-DFC_TOOL=" "-DIGRAPH_VERSION=0.9.4" "-P" "/home/otiose/repos/epita/vlg/ext/igraph-0.9.4/etc/cmake/run_legacy_test.cmake"
Directory: /home/otiose/repos/epita/vlg/ext/igraph-0.9.4/build/tests
"test::hashtable" start time: Jul 07 12:07 CEST
Output:
----------------------------------------------------------
<end of output>
Test time =   0.06 sec
----------------------------------------------------------
Test Passed.
"test::hashtable" end time: Jul 07 12:07 CEST
"test::hashtable" time elapsed: 00:00:00
----------------------------------------------------------

49/398 Testing: test::marked_queue
49/398 Test: test::marked_queue
Command: "/home/otiose/repos/epita/vlg/ext/igraph-0.9.4/build/tests/test_marked_queue"
Directory: /home/otiose/repos/epita/vlg/ext/igraph-0.9.4/tests/unit
"test::marked_queue" start time: Jul 07 12:07 CEST
Output:
----------------------------------------------------------
<end of output>
Test time =   0.02 sec
----------------------------------------------------------
Test Passed.
"test::marked_queue" end time: Jul 07 12:07 CEST
"test::marked_queue" time elapsed: 00:00:00
----------------------------------------------------------

50/398 Testing: test::set
50/398 Test: test::set
Command: "/usr/bin/cmake" "-DTEST_EXECUTABLE=/home/otiose/repos/epita/vlg/ext/igraph-0.9.4/build/tests/test_set" "-DEXPECTED_OUTPUT_FILE=/home/otiose/repos/epita/vlg/ext/igraph-0.9.4/tests/unit/set.out" "-DOBSERVED_OUTPUT_FILE=/home/otiose/repos/epita/vlg/ext/igraph-0.9.4/build/tests/test_set.out" "-DDIFF_FILE=/home/otiose/repos/epita/vlg/ext/igraph-0.9.4/build/tests/test_set.diff" "-DDIFF_TOOL=/usr/bin/diff" "-DFC_TOOL=" "-DIGRAPH_VERSION=0.9.4" "-P" "/home/otiose/repos/epita/vlg/ext/igraph-0.9.4/etc/cmake/run_legacy_test.cmake"
Directory: /home/otiose/repos/epita/vlg/ext/igraph-0.9.4/build/tests
"test::set" start time: Jul 07 12:07 CEST
Output:
----------------------------------------------------------
<end of output>
Test time =   0.06 sec
----------------------------------------------------------
Test Passed.
"test::set" end time: Jul 07 12:07 CEST
"test::set" time elapsed: 00:00:00
----------------------------------------------------------

51/398 Testing: test::trie
51/398 Test: test::trie
Command: "/usr/bin/cmake" "-DTEST_EXECUTABLE=/home/otiose/repos/epita/vlg/ext/igraph-0.9.4/build/tests/test_trie" "-DEXPECTED_OUTPUT_FILE=/home/otiose/repos/epita/vlg/ext/igraph-0.9.4/tests/unit/trie.out" "-DOBSERVED_OUTPUT_FILE=/home/otiose/repos/epita/vlg/ext/igraph-0.9.4/build/tests/test_trie.out" "-DDIFF_FILE=/home/otiose/repos/epita/vlg/ext/igraph-0.9.4/build/tests/test_trie.diff" "-DDIFF_TOOL=/usr/bin/diff" "-DFC_TOOL=" "-DIGRAPH_VERSION=0.9.4" "-P" "/home/otiose/repos/epita/vlg/ext/igraph-0.9.4/etc/cmake/run_legacy_test.cmake"
Directory: /home/otiose/repos/epita/vlg/ext/igraph-0.9.4/build/tests
"test::trie" start time: Jul 07 12:07 CEST
Output:
----------------------------------------------------------
<end of output>
Test time =   0.06 sec
----------------------------------------------------------
Test Passed.
"test::trie" end time: Jul 07 12:07 CEST
"test::trie" time elapsed: 00:00:00
----------------------------------------------------------

52/398 Testing: example::igraph_add_edges
52/398 Test: example::igraph_add_edges
Command: "/usr/bin/cmake" "-DTEST_EXECUTABLE=/home/otiose/repos/epita/vlg/ext/igraph-0.9.4/build/tests/example_igraph_add_edges" "-DEXPECTED_OUTPUT_FILE=/home/otiose/repos/epita/vlg/ext/igraph-0.9.4/examples/simple/igraph_add_edges.out" "-DOBSERVED_OUTPUT_FILE=/home/otiose/repos/epita/vlg/ext/igraph-0.9.4/build/tests/example_igraph_add_edges.out" "-DDIFF_FILE=/home/otiose/repos/epita/vlg/ext/igraph-0.9.4/build/tests/example_igraph_add_edges.diff" "-DDIFF_TOOL=/usr/bin/diff" "-DFC_TOOL=" "-DIGRAPH_VERSION=0.9.4" "-P" "/home/otiose/repos/epita/vlg/ext/igraph-0.9.4/etc/cmake/run_legacy_test.cmake"
Directory: /home/otiose/repos/epita/vlg/ext/igraph-0.9.4/build/tests
"example::igraph_add_edges" start time: Jul 07 12:07 CEST
Output:
----------------------------------------------------------
<end of output>
Test time =   0.05 sec
----------------------------------------------------------
Test Passed.
"example::igraph_add_edges" end time: Jul 07 12:07 CEST
"example::igraph_add_edges" time elapsed: 00:00:00
----------------------------------------------------------

53/398 Testing: example::igraph_add_vertices
53/398 Test: example::igraph_add_vertices
Command: "/home/otiose/repos/epita/vlg/ext/igraph-0.9.4/build/tests/example_igraph_add_vertices"
Directory: /home/otiose/repos/epita/vlg/ext/igraph-0.9.4/examples/simple
"example::igraph_add_vertices" start time: Jul 07 12:07 CEST
Output:
----------------------------------------------------------
<end of output>
Test time =   0.01 sec
----------------------------------------------------------
Test Passed.
"example::igraph_add_vertices" end time: Jul 07 12:07 CEST
"example::igraph_add_vertices" time elapsed: 00:00:00
----------------------------------------------------------

54/398 Testing: example::igraph_copy
54/398 Test: example::igraph_copy
Command: "/home/otiose/repos/epita/vlg/ext/igraph-0.9.4/build/tests/example_igraph_copy"
Directory: /home/otiose/repos/epita/vlg/ext/igraph-0.9.4/examples/simple
"example::igraph_copy" start time: Jul 07 12:07 CEST
Output:
----------------------------------------------------------
<end of output>
Test time =   0.01 sec
----------------------------------------------------------
Test Passed.
"example::igraph_copy" end time: Jul 07 12:07 CEST
"example::igraph_copy" time elapsed: 00:00:00
----------------------------------------------------------

55/398 Testing: example::igraph_degree
55/398 Test: example::igraph_degree
Command: "/usr/bin/cmake" "-DTEST_EXECUTABLE=/home/otiose/repos/epita/vlg/ext/igraph-0.9.4/build/tests/example_igraph_degree" "-DEXPECTED_OUTPUT_FILE=/home/otiose/repos/epita/vlg/ext/igraph-0.9.4/examples/simple/igraph_degree.out" "-DOBSERVED_OUTPUT_FILE=/home/otiose/repos/epita/vlg/ext/igraph-0.9.4/build/tests/example_igraph_degree.out" "-DDIFF_FILE=/home/otiose/repos/epita/vlg/ext/igraph-0.9.4/build/tests/example_igraph_degree.diff" "-DDIFF_TOOL=/usr/bin/diff" "-DFC_TOOL=" "-DIGRAPH_VERSION=0.9.4" "-P" "/home/otiose/repos/epita/vlg/ext/igraph-0.9.4/etc/cmake/run_legacy_test.cmake"
Directory: /home/otiose/repos/epita/vlg/ext/igraph-0.9.4/build/tests
"example::igraph_degree" start time: Jul 07 12:07 CEST
Output:
----------------------------------------------------------
<end of output>
Test time =   0.05 sec
----------------------------------------------------------
Test Passed.
"example::igraph_degree" end time: Jul 07 12:07 CEST
"example::igraph_degree" time elapsed: 00:00:00
----------------------------------------------------------

56/398 Testing: example::igraph_delete_edges
56/398 Test: example::igraph_delete_edges
Command: "/home/otiose/repos/epita/vlg/ext/igraph-0.9.4/build/tests/example_igraph_delete_edges"
Directory: /home/otiose/repos/epita/vlg/ext/igraph-0.9.4/examples/simple
"example::igraph_delete_edges" start time: Jul 07 12:07 CEST
Output:
----------------------------------------------------------
<end of output>
Test time =   0.01 sec
----------------------------------------------------------
Test Passed.
"example::igraph_delete_edges" end time: Jul 07 12:07 CEST
"example::igraph_delete_edges" time elapsed: 00:00:00
----------------------------------------------------------

57/398 Testing: example::igraph_delete_vertices
57/398 Test: example::igraph_delete_vertices
Command: "/home/otiose/repos/epita/vlg/ext/igraph-0.9.4/build/tests/example_igraph_delete_vertices"
Directory: /home/otiose/repos/epita/vlg/ext/igraph-0.9.4/examples/simple
"example::igraph_delete_vertices" start time: Jul 07 12:07 CEST
Output:
----------------------------------------------------------
<end of output>
Test time =   0.01 sec
----------------------------------------------------------
Test Passed.
"example::igraph_delete_vertices" end time: Jul 07 12:07 CEST
"example::igraph_delete_vertices" time elapsed: 00:00:00
----------------------------------------------------------

58/398 Testing: example::igraph_empty
58/398 Test: example::igraph_empty
Command: "/home/otiose/repos/epita/vlg/ext/igraph-0.9.4/build/tests/example_igraph_empty"
Directory: /home/otiose/repos/epita/vlg/ext/igraph-0.9.4/examples/simple
"example::igraph_empty" start time: Jul 07 12:07 CEST
Output:
----------------------------------------------------------
<end of output>
Test time =   0.01 sec
----------------------------------------------------------
Test Passed.
"example::igraph_empty" end time: Jul 07 12:07 CEST
"example::igraph_empty" time elapsed: 00:00:00
----------------------------------------------------------

59/398 Testing: example::igraph_get_eid
59/398 Test: example::igraph_get_eid
Command: "/usr/bin/cmake" "-DTEST_EXECUTABLE=/home/otiose/repos/epita/vlg/ext/igraph-0.9.4/build/tests/example_igraph_get_eid" "-DEXPECTED_OUTPUT_FILE=/home/otiose/repos/epita/vlg/ext/igraph-0.9.4/examples/simple/igraph_get_eid.out" "-DOBSERVED_OUTPUT_FILE=/home/otiose/repos/epita/vlg/ext/igraph-0.9.4/build/tests/example_igraph_get_eid.out" "-DDIFF_FILE=/home/otiose/repos/epita/vlg/ext/igraph-0.9.4/build/tests/example_igraph_get_eid.diff" "-DDIFF_TOOL=/usr/bin/diff" "-DFC_TOOL=" "-DIGRAPH_VERSION=0.9.4" "-P" "/home/otiose/repos/epita/vlg/ext/igraph-0.9.4/etc/cmake/run_legacy_test.cmake"
Directory: /home/otiose/repos/epita/vlg/ext/igraph-0.9.4/build/tests
"example::igraph_get_eid" start time: Jul 07 12:07 CEST
Output:
----------------------------------------------------------
<end of output>
Test time =   0.04 sec
----------------------------------------------------------
Test Passed.
"example::igraph_get_eid" end time: Jul 07 12:07 CEST
"example::igraph_get_eid" time elapsed: 00:00:00
----------------------------------------------------------

60/398 Testing: example::igraph_get_eids
60/398 Test: example::igraph_get_eids
Command: "/usr/bin/cmake" "-DTEST_EXECUTABLE=/home/otiose/repos/epita/vlg/ext/igraph-0.9.4/build/tests/example_igraph_get_eids" "-DEXPECTED_OUTPUT_FILE=/home/otiose/repos/epita/vlg/ext/igraph-0.9.4/examples/simple/igraph_get_eids.out" "-DOBSERVED_OUTPUT_FILE=/home/otiose/repos/epita/vlg/ext/igraph-0.9.4/build/tests/example_igraph_get_eids.out" "-DDIFF_FILE=/home/otiose/repos/epita/vlg/ext/igraph-0.9.4/build/tests/example_igraph_get_eids.diff" "-DDIFF_TOOL=/usr/bin/diff" "-DFC_TOOL=" "-DIGRAPH_VERSION=0.9.4" "-P" "/home/otiose/repos/epita/vlg/ext/igraph-0.9.4/etc/cmake/run_legacy_test.cmake"
Directory: /home/otiose/repos/epita/vlg/ext/igraph-0.9.4/build/tests
"example::igraph_get_eids" start time: Jul 07 12:07 CEST
Output:
----------------------------------------------------------
<end of output>
Test time =   0.06 sec
----------------------------------------------------------
Test Passed.
"example::igraph_get_eids" end time: Jul 07 12:07 CEST
"example::igraph_get_eids" time elapsed: 00:00:00
----------------------------------------------------------

61/398 Testing: example::igraph_is_directed
61/398 Test: example::igraph_is_directed
Command: "/home/otiose/repos/epita/vlg/ext/igraph-0.9.4/build/tests/example_igraph_is_directed"
Directory: /home/otiose/repos/epita/vlg/ext/igraph-0.9.4/examples/simple
"example::igraph_is_directed" start time: Jul 07 12:07 CEST
Output:
----------------------------------------------------------
<end of output>
Test time =   0.01 sec
----------------------------------------------------------
Test Passed.
"example::igraph_is_directed" end time: Jul 07 12:07 CEST
"example::igraph_is_directed" time elapsed: 00:00:00
----------------------------------------------------------

62/398 Testing: example::igraph_neighbors
62/398 Test: example::igraph_neighbors
Command: "/usr/bin/cmake" "-DTEST_EXECUTABLE=/home/otiose/repos/epita/vlg/ext/igraph-0.9.4/build/tests/example_igraph_neighbors" "-DEXPECTED_OUTPUT_FILE=/home/otiose/repos/epita/vlg/ext/igraph-0.9.4/examples/simple/igraph_neighbors.out" "-DOBSERVED_OUTPUT_FILE=/home/otiose/repos/epita/vlg/ext/igraph-0.9.4/build/tests/example_igraph_neighbors.out" "-DDIFF_FILE=/home/otiose/repos/epita/vlg/ext/igraph-0.9.4/build/tests/example_igraph_neighbors.diff" "-DDIFF_TOOL=/usr/bin/diff" "-DFC_TOOL=" "-DIGRAPH_VERSION=0.9.4" "-P" "/home/otiose/repos/epita/vlg/ext/igraph-0.9.4/etc/cmake/run_legacy_test.cmake"
Directory: /home/otiose/repos/epita/vlg/ext/igraph-0.9.4/build/tests
"example::igraph_neighbors" start time: Jul 07 12:07 CEST
Output:
----------------------------------------------------------
<end of output>
Test time =   0.05 sec
----------------------------------------------------------
Test Passed.
"example::igraph_neighbors" end time: Jul 07 12:07 CEST
"example::igraph_neighbors" time elapsed: 00:00:00
----------------------------------------------------------

63/398 Testing: test::igraph_is_same_graph
63/398 Test: test::igraph_is_same_graph
Command: "/home/otiose/repos/epita/vlg/ext/igraph-0.9.4/build/tests/test_igraph_is_same_graph"
Directory: /home/otiose/repos/epita/vlg/ext/igraph-0.9.4/tests/unit
"test::igraph_is_same_graph" start time: Jul 07 12:07 CEST
Output:
----------------------------------------------------------
<end of output>
Test time =   0.01 sec
----------------------------------------------------------
Test Passed.
"test::igraph_is_same_graph" end time: Jul 07 12:07 CEST
"test::igraph_is_same_graph" time elapsed: 00:00:00
----------------------------------------------------------

64/398 Testing: test::igraph_i_incident
64/398 Test: test::igraph_i_incident
Command: "/usr/bin/cmake" "-DTEST_EXECUTABLE=/home/otiose/repos/epita/vlg/ext/igraph-0.9.4/build/tests/test_igraph_i_incident" "-DEXPECTED_OUTPUT_FILE=/home/otiose/repos/epita/vlg/ext/igraph-0.9.4/tests/unit/igraph_i_incident.out" "-DOBSERVED_OUTPUT_FILE=/home/otiose/repos/epita/vlg/ext/igraph-0.9.4/build/tests/test_igraph_i_incident.out" "-DDIFF_FILE=/home/otiose/repos/epita/vlg/ext/igraph-0.9.4/build/tests/test_igraph_i_incident.diff" "-DDIFF_TOOL=/usr/bin/diff" "-DFC_TOOL=" "-DIGRAPH_VERSION=0.9.4" "-P" "/home/otiose/repos/epita/vlg/ext/igraph-0.9.4/etc/cmake/run_legacy_test.cmake"
Directory: /home/otiose/repos/epita/vlg/ext/igraph-0.9.4/build/tests
"test::igraph_i_incident" start time: Jul 07 12:07 CEST
Output:
----------------------------------------------------------
<end of output>
Test time =   0.05 sec
----------------------------------------------------------
Test Passed.
"test::igraph_i_incident" end time: Jul 07 12:07 CEST
"test::igraph_i_incident" time elapsed: 00:00:00
----------------------------------------------------------

65/398 Testing: test::igraph_i_neighbors
65/398 Test: test::igraph_i_neighbors
Command: "/usr/bin/cmake" "-DTEST_EXECUTABLE=/home/otiose/repos/epita/vlg/ext/igraph-0.9.4/build/tests/test_igraph_i_neighbors" "-DEXPECTED_OUTPUT_FILE=/home/otiose/repos/epita/vlg/ext/igraph-0.9.4/tests/unit/igraph_i_neighbors.out" "-DOBSERVED_OUTPUT_FILE=/home/otiose/repos/epita/vlg/ext/igraph-0.9.4/build/tests/test_igraph_i_neighbors.out" "-DDIFF_FILE=/home/otiose/repos/epita/vlg/ext/igraph-0.9.4/build/tests/test_igraph_i_neighbors.diff" "-DDIFF_TOOL=/usr/bin/diff" "-DFC_TOOL=" "-DIGRAPH_VERSION=0.9.4" "-P" "/home/otiose/repos/epita/vlg/ext/igraph-0.9.4/etc/cmake/run_legacy_test.cmake"
Directory: /home/otiose/repos/epita/vlg/ext/igraph-0.9.4/build/tests
"test::igraph_i_neighbors" start time: Jul 07 12:07 CEST
Output:
----------------------------------------------------------
<end of output>
Test time =   0.05 sec
----------------------------------------------------------
Test Passed.
"test::igraph_i_neighbors" end time: Jul 07 12:07 CEST
"test::igraph_i_neighbors" time elapsed: 00:00:00
----------------------------------------------------------

66/398 Testing: example::igraph_es_pairs
66/398 Test: example::igraph_es_pairs
Command: "/home/otiose/repos/epita/vlg/ext/igraph-0.9.4/build/tests/example_igraph_es_pairs"
Directory: /home/otiose/repos/epita/vlg/ext/igraph-0.9.4/examples/simple
"example::igraph_es_pairs" start time: Jul 07 12:07 CEST
Output:
----------------------------------------------------------
<end of output>
Test time =   0.01 sec
----------------------------------------------------------
Test Passed.
"example::igraph_es_pairs" end time: Jul 07 12:07 CEST
"example::igraph_es_pairs" time elapsed: 00:00:00
----------------------------------------------------------

67/398 Testing: example::igraph_vs_nonadj
67/398 Test: example::igraph_vs_nonadj
Command: "/usr/bin/cmake" "-DTEST_EXECUTABLE=/home/otiose/repos/epita/vlg/ext/igraph-0.9.4/build/tests/example_igraph_vs_nonadj" "-DEXPECTED_OUTPUT_FILE=/home/otiose/repos/epita/vlg/ext/igraph-0.9.4/examples/simple/igraph_vs_nonadj.out" "-DOBSERVED_OUTPUT_FILE=/home/otiose/repos/epita/vlg/ext/igraph-0.9.4/build/tests/example_igraph_vs_nonadj.out" "-DDIFF_FILE=/home/otiose/repos/epita/vlg/ext/igraph-0.9.4/build/tests/example_igraph_vs_nonadj.diff" "-DDIFF_TOOL=/usr/bin/diff" "-DFC_TOOL=" "-DIGRAPH_VERSION=0.9.4" "-P" "/home/otiose/repos/epita/vlg/ext/igraph-0.9.4/etc/cmake/run_legacy_test.cmake"
Directory: /home/otiose/repos/epita/vlg/ext/igraph-0.9.4/build/tests
"example::igraph_vs_nonadj" start time: Jul 07 12:07 CEST
Output:
----------------------------------------------------------
<end of output>
Test time =   0.05 sec
----------------------------------------------------------
Test Passed.
"example::igraph_vs_nonadj" end time: Jul 07 12:07 CEST
"example::igraph_vs_nonadj" time elapsed: 00:00:00
----------------------------------------------------------

68/398 Testing: example::igraph_vs_seq
68/398 Test: example::igraph_vs_seq
Command: "/usr/bin/cmake" "-DTEST_EXECUTABLE=/home/otiose/repos/epita/vlg/ext/igraph-0.9.4/build/tests/example_igraph_vs_seq" "-DEXPECTED_OUTPUT_FILE=/home/otiose/repos/epita/vlg/ext/igraph-0.9.4/examples/simple/igraph_vs_seq.out" "-DOBSERVED_OUTPUT_FILE=/home/otiose/repos/epita/vlg/ext/igraph-0.9.4/build/tests/example_igraph_vs_seq.out" "-DDIFF_FILE=/home/otiose/repos/epita/vlg/ext/igraph-0.9.4/build/tests/example_igraph_vs_seq.diff" "-DDIFF_TOOL=/usr/bin/diff" "-DFC_TOOL=" "-DIGRAPH_VERSION=0.9.4" "-P" "/home/otiose/repos/epita/vlg/ext/igraph-0.9.4/etc/cmake/run_legacy_test.cmake"
Directory: /home/otiose/repos/epita/vlg/ext/igraph-0.9.4/build/tests
"example::igraph_vs_seq" start time: Jul 07 12:07 CEST
Output:
----------------------------------------------------------
<end of output>
Test time =   0.05 sec
----------------------------------------------------------
Test Passed.
"example::igraph_vs_seq" end time: Jul 07 12:07 CEST
"example::igraph_vs_seq" time elapsed: 00:00:00
----------------------------------------------------------

69/398 Testing: example::igraph_vs_vector
69/398 Test: example::igraph_vs_vector
Command: "/usr/bin/cmake" "-DTEST_EXECUTABLE=/home/otiose/repos/epita/vlg/ext/igraph-0.9.4/build/tests/example_igraph_vs_vector" "-DEXPECTED_OUTPUT_FILE=/home/otiose/repos/epita/vlg/ext/igraph-0.9.4/examples/simple/igraph_vs_vector.out" "-DOBSERVED_OUTPUT_FILE=/home/otiose/repos/epita/vlg/ext/igraph-0.9.4/build/tests/example_igraph_vs_vector.out" "-DDIFF_FILE=/home/otiose/repos/epita/vlg/ext/igraph-0.9.4/build/tests/example_igraph_vs_vector.diff" "-DDIFF_TOOL=/usr/bin/diff" "-DFC_TOOL=" "-DIGRAPH_VERSION=0.9.4" "-P" "/home/otiose/repos/epita/vlg/ext/igraph-0.9.4/etc/cmake/run_legacy_test.cmake"
Directory: /home/otiose/repos/epita/vlg/ext/igraph-0.9.4/build/tests
"example::igraph_vs_vector" start time: Jul 07 12:07 CEST
Output:
----------------------------------------------------------
<end of output>
Test time =   0.05 sec
----------------------------------------------------------
Test Passed.
"example::igraph_vs_vector" end time: Jul 07 12:07 CEST
"example::igraph_vs_vector" time elapsed: 00:00:00
----------------------------------------------------------

70/398 Testing: test::edge_selectors
70/398 Test: test::edge_selectors
Command: "/usr/bin/cmake" "-DTEST_EXECUTABLE=/home/otiose/repos/epita/vlg/ext/igraph-0.9.4/build/tests/test_edge_selectors" "-DEXPECTED_OUTPUT_FILE=/home/otiose/repos/epita/vlg/ext/igraph-0.9.4/tests/unit/edge_selectors.out" "-DOBSERVED_OUTPUT_FILE=/home/otiose/repos/epita/vlg/ext/igraph-0.9.4/build/tests/test_edge_selectors.out" "-DDIFF_FILE=/home/otiose/repos/epita/vlg/ext/igraph-0.9.4/build/tests/test_edge_selectors.diff" "-DDIFF_TOOL=/usr/bin/diff" "-DFC_TOOL=" "-DIGRAPH_VERSION=0.9.4" "-P" "/home/otiose/repos/epita/vlg/ext/igraph-0.9.4/etc/cmake/run_legacy_test.cmake"
Directory: /home/otiose/repos/epita/vlg/ext/igraph-0.9.4/build/tests
"test::edge_selectors" start time: Jul 07 12:07 CEST
Output:
----------------------------------------------------------
<end of output>
Test time =   0.05 sec
----------------------------------------------------------
Test Passed.
"test::edge_selectors" end time: Jul 07 12:07 CEST
"test::edge_selectors" time elapsed: 00:00:00
----------------------------------------------------------

71/398 Testing: test::igraph_es_path
71/398 Test: test::igraph_es_path
Command: "/home/otiose/repos/epita/vlg/ext/igraph-0.9.4/build/tests/test_igraph_es_path"
Directory: /home/otiose/repos/epita/vlg/ext/igraph-0.9.4/tests/unit
"test::igraph_es_path" start time: Jul 07 12:07 CEST
Output:
----------------------------------------------------------
<end of output>
Test time =   0.01 sec
----------------------------------------------------------
Test Passed.
"test::igraph_es_path" end time: Jul 07 12:07 CEST
"test::igraph_es_path" time elapsed: 00:00:00
----------------------------------------------------------

72/398 Testing: test::vertex_selectors
72/398 Test: test::vertex_selectors
Command: "/usr/bin/cmake" "-DTEST_EXECUTABLE=/home/otiose/repos/epita/vlg/ext/igraph-0.9.4/build/tests/test_vertex_selectors" "-DEXPECTED_OUTPUT_FILE=/home/otiose/repos/epita/vlg/ext/igraph-0.9.4/tests/unit/vertex_selectors.out" "-DOBSERVED_OUTPUT_FILE=/home/otiose/repos/epita/vlg/ext/igraph-0.9.4/build/tests/test_vertex_selectors.out" "-DDIFF_FILE=/home/otiose/repos/epita/vlg/ext/igraph-0.9.4/build/tests/test_vertex_selectors.diff" "-DDIFF_TOOL=/usr/bin/diff" "-DFC_TOOL=" "-DIGRAPH_VERSION=0.9.4" "-P" "/home/otiose/repos/epita/vlg/ext/igraph-0.9.4/etc/cmake/run_legacy_test.cmake"
Directory: /home/otiose/repos/epita/vlg/ext/igraph-0.9.4/build/tests
"test::vertex_selectors" start time: Jul 07 12:07 CEST
Output:
----------------------------------------------------------
<end of output>
Test time =   0.05 sec
----------------------------------------------------------
Test Passed.
"test::vertex_selectors" end time: Jul 07 12:07 CEST
"test::vertex_selectors" time elapsed: 00:00:00
----------------------------------------------------------

73/398 Testing: example::igraph_adjacency
73/398 Test: example::igraph_adjacency
Command: "/home/otiose/repos/epita/vlg/ext/igraph-0.9.4/build/tests/example_igraph_adjacency"
Directory: /home/otiose/repos/epita/vlg/ext/igraph-0.9.4/examples/simple
"example::igraph_adjacency" start time: Jul 07 12:07 CEST
Output:
----------------------------------------------------------
<end of output>
Test time =   0.01 sec
----------------------------------------------------------
Test Passed.
"example::igraph_adjacency" end time: Jul 07 12:07 CEST
"example::igraph_adjacency" time elapsed: 00:00:00
----------------------------------------------------------

74/398 Testing: example::igraph_atlas
74/398 Test: example::igraph_atlas
Command: "/usr/bin/cmake" "-DTEST_EXECUTABLE=/home/otiose/repos/epita/vlg/ext/igraph-0.9.4/build/tests/example_igraph_atlas" "-DEXPECTED_OUTPUT_FILE=/home/otiose/repos/epita/vlg/ext/igraph-0.9.4/examples/simple/igraph_atlas.out" "-DOBSERVED_OUTPUT_FILE=/home/otiose/repos/epita/vlg/ext/igraph-0.9.4/build/tests/example_igraph_atlas.out" "-DDIFF_FILE=/home/otiose/repos/epita/vlg/ext/igraph-0.9.4/build/tests/example_igraph_atlas.diff" "-DDIFF_TOOL=/usr/bin/diff" "-DFC_TOOL=" "-DIGRAPH_VERSION=0.9.4" "-P" "/home/otiose/repos/epita/vlg/ext/igraph-0.9.4/etc/cmake/run_legacy_test.cmake"
Directory: /home/otiose/repos/epita/vlg/ext/igraph-0.9.4/build/tests
"example::igraph_atlas" start time: Jul 07 12:07 CEST
Output:
----------------------------------------------------------
<end of output>
Test time =   0.06 sec
----------------------------------------------------------
Test Passed.
"example::igraph_atlas" end time: Jul 07 12:07 CEST
"example::igraph_atlas" time elapsed: 00:00:00
----------------------------------------------------------

75/398 Testing: example::igraph_barabasi_game
75/398 Test: example::igraph_barabasi_game
Command: "/home/otiose/repos/epita/vlg/ext/igraph-0.9.4/build/tests/example_igraph_barabasi_game"
Directory: /home/otiose/repos/epita/vlg/ext/igraph-0.9.4/examples/simple
"example::igraph_barabasi_game" start time: Jul 07 12:07 CEST
Output:
----------------------------------------------------------
<end of output>
Test time =   0.01 sec
----------------------------------------------------------
Test Passed.
"example::igraph_barabasi_game" end time: Jul 07 12:07 CEST
"example::igraph_barabasi_game" time elapsed: 00:00:00
----------------------------------------------------------

76/398 Testing: example::igraph_barabasi_game2
76/398 Test: example::igraph_barabasi_game2
Command: "/home/otiose/repos/epita/vlg/ext/igraph-0.9.4/build/tests/example_igraph_barabasi_game2"
Directory: /home/otiose/repos/epita/vlg/ext/igraph-0.9.4/examples/simple
"example::igraph_barabasi_game2" start time: Jul 07 12:07 CEST
Output:
----------------------------------------------------------
<end of output>
Test time =   0.01 sec
----------------------------------------------------------
Test Passed.
"example::igraph_barabasi_game2" end time: Jul 07 12:07 CEST
"example::igraph_barabasi_game2" time elapsed: 00:00:00
----------------------------------------------------------

77/398 Testing: example::igraph_create
77/398 Test: example::igraph_create
Command: "/home/otiose/repos/epita/vlg/ext/igraph-0.9.4/build/tests/example_igraph_create"
Directory: /home/otiose/repos/epita/vlg/ext/igraph-0.9.4/examples/simple
"example::igraph_create" start time: Jul 07 12:07 CEST
Output:
----------------------------------------------------------
<end of output>
Test time =   0.01 sec
----------------------------------------------------------
Test Passed.
"example::igraph_create" end time: Jul 07 12:07 CEST
"example::igraph_create" time elapsed: 00:00:00
----------------------------------------------------------

78/398 Testing: example::igraph_degree_sequence_game
78/398 Test: example::igraph_degree_sequence_game
Command: "/usr/bin/cmake" "-DTEST_EXECUTABLE=/home/otiose/repos/epita/vlg/ext/igraph-0.9.4/build/tests/example_igraph_degree_sequence_game" "-DEXPECTED_OUTPUT_FILE=/home/otiose/repos/epita/vlg/ext/igraph-0.9.4/examples/simple/igraph_degree_sequence_game.out" "-DOBSERVED_OUTPUT_FILE=/home/otiose/repos/epita/vlg/ext/igraph-0.9.4/build/tests/example_igraph_degree_sequence_game.out" "-DDIFF_FILE=/home/otiose/repos/epita/vlg/ext/igraph-0.9.4/build/tests/example_igraph_degree_sequence_game.diff" "-DDIFF_TOOL=/usr/bin/diff" "-DFC_TOOL=" "-DIGRAPH_VERSION=0.9.4" "-P" "/home/otiose/repos/epita/vlg/ext/igraph-0.9.4/etc/cmake/run_legacy_test.cmake"
Directory: /home/otiose/repos/epita/vlg/ext/igraph-0.9.4/build/tests
"example::igraph_degree_sequence_game" start time: Jul 07 12:07 CEST
Output:
----------------------------------------------------------
<end of output>
Test time =   0.05 sec
----------------------------------------------------------
Test Passed.
"example::igraph_degree_sequence_game" end time: Jul 07 12:07 CEST
"example::igraph_degree_sequence_game" time elapsed: 00:00:00
----------------------------------------------------------

79/398 Testing: example::igraph_erdos_renyi_game
79/398 Test: example::igraph_erdos_renyi_game
Command: "/home/otiose/repos/epita/vlg/ext/igraph-0.9.4/build/tests/example_igraph_erdos_renyi_game"
Directory: /home/otiose/repos/epita/vlg/ext/igraph-0.9.4/examples/simple
"example::igraph_erdos_renyi_game" start time: Jul 07 12:07 CEST
Output:
----------------------------------------------------------
Fraction of vertices in giant component: 0.8
<end of output>
Test time =   0.01 sec
----------------------------------------------------------
Test Passed.
"example::igraph_erdos_renyi_game" end time: Jul 07 12:07 CEST
"example::igraph_erdos_renyi_game" time elapsed: 00:00:00
----------------------------------------------------------

80/398 Testing: example::igraph_full
80/398 Test: example::igraph_full
Command: "/usr/bin/cmake" "-DTEST_EXECUTABLE=/home/otiose/repos/epita/vlg/ext/igraph-0.9.4/build/tests/example_igraph_full" "-DEXPECTED_OUTPUT_FILE=/home/otiose/repos/epita/vlg/ext/igraph-0.9.4/examples/simple/igraph_full.out" "-DOBSERVED_OUTPUT_FILE=/home/otiose/repos/epita/vlg/ext/igraph-0.9.4/build/tests/example_igraph_full.out" "-DDIFF_FILE=/home/otiose/repos/epita/vlg/ext/igraph-0.9.4/build/tests/example_igraph_full.diff" "-DDIFF_TOOL=/usr/bin/diff" "-DFC_TOOL=" "-DIGRAPH_VERSION=0.9.4" "-P" "/home/otiose/repos/epita/vlg/ext/igraph-0.9.4/etc/cmake/run_legacy_test.cmake"
Directory: /home/otiose/repos/epita/vlg/ext/igraph-0.9.4/build/tests
"example::igraph_full" start time: Jul 07 12:07 CEST
Output:
----------------------------------------------------------
<end of output>
Test time =   0.06 sec
----------------------------------------------------------
Test Passed.
"example::igraph_full" end time: Jul 07 12:07 CEST
"example::igraph_full" time elapsed: 00:00:00
----------------------------------------------------------

81/398 Testing: example::igraph_grg_game
81/398 Test: example::igraph_grg_game
Command: "/usr/bin/cmake" "-DTEST_EXECUTABLE=/home/otiose/repos/epita/vlg/ext/igraph-0.9.4/build/tests/example_igraph_grg_game" "-DEXPECTED_OUTPUT_FILE=/home/otiose/repos/epita/vlg/ext/igraph-0.9.4/examples/simple/igraph_grg_game.out" "-DOBSERVED_OUTPUT_FILE=/home/otiose/repos/epita/vlg/ext/igraph-0.9.4/build/tests/example_igraph_grg_game.out" "-DDIFF_FILE=/home/otiose/repos/epita/vlg/ext/igraph-0.9.4/build/tests/example_igraph_grg_game.diff" "-DDIFF_TOOL=/usr/bin/diff" "-DFC_TOOL=" "-DIGRAPH_VERSION=0.9.4" "-P" "/home/otiose/repos/epita/vlg/ext/igraph-0.9.4/etc/cmake/run_legacy_test.cmake"
Directory: /home/otiose/repos/epita/vlg/ext/igraph-0.9.4/build/tests
"example::igraph_grg_game" start time: Jul 07 12:07 CEST
Output:
----------------------------------------------------------
<end of output>
Test time =   0.05 sec
----------------------------------------------------------
Test Passed.
"example::igraph_grg_game" end time: Jul 07 12:07 CEST
"example::igraph_grg_game" time elapsed: 00:00:00
----------------------------------------------------------

82/398 Testing: example::igraph_lcf
82/398 Test: example::igraph_lcf
Command: "/home/otiose/repos/epita/vlg/ext/igraph-0.9.4/build/tests/example_igraph_lcf"
Directory: /home/otiose/repos/epita/vlg/ext/igraph-0.9.4/examples/simple
"example::igraph_lcf" start time: Jul 07 12:07 CEST
Output:
----------------------------------------------------------
<end of output>
Test time =   0.01 sec
----------------------------------------------------------
Test Passed.
"example::igraph_lcf" end time: Jul 07 12:07 CEST
"example::igraph_lcf" time elapsed: 00:00:00
----------------------------------------------------------

83/398 Testing: example::igraph_ring
83/398 Test: example::igraph_ring
Command: "/usr/bin/cmake" "-DTEST_EXECUTABLE=/home/otiose/repos/epita/vlg/ext/igraph-0.9.4/build/tests/example_igraph_ring" "-DEXPECTED_OUTPUT_FILE=/home/otiose/repos/epita/vlg/ext/igraph-0.9.4/examples/simple/igraph_ring.out" "-DOBSERVED_OUTPUT_FILE=/home/otiose/repos/epita/vlg/ext/igraph-0.9.4/build/tests/example_igraph_ring.out" "-DDIFF_FILE=/home/otiose/repos/epita/vlg/ext/igraph-0.9.4/build/tests/example_igraph_ring.diff" "-DDIFF_TOOL=/usr/bin/diff" "-DFC_TOOL=" "-DIGRAPH_VERSION=0.9.4" "-P" "/home/otiose/repos/epita/vlg/ext/igraph-0.9.4/etc/cmake/run_legacy_test.cmake"
Directory: /home/otiose/repos/epita/vlg/ext/igraph-0.9.4/build/tests
"example::igraph_ring" start time: Jul 07 12:07 CEST
Output:
----------------------------------------------------------
<end of output>
Test time =   0.05 sec
----------------------------------------------------------
Test Passed.
"example::igraph_ring" end time: Jul 07 12:07 CEST
"example::igraph_ring" time elapsed: 00:00:00
----------------------------------------------------------

84/398 Testing: example::igraph_small
84/398 Test: example::igraph_small
Command: "/usr/bin/cmake" "-DTEST_EXECUTABLE=/home/otiose/repos/epita/vlg/ext/igraph-0.9.4/build/tests/example_igraph_small" "-DEXPECTED_OUTPUT_FILE=/home/otiose/repos/epita/vlg/ext/igraph-0.9.4/examples/simple/igraph_small.out" "-DOBSERVED_OUTPUT_FILE=/home/otiose/repos/epita/vlg/ext/igraph-0.9.4/build/tests/example_igraph_small.out" "-DDIFF_FILE=/home/otiose/repos/epita/vlg/ext/igraph-0.9.4/build/tests/example_igraph_small.diff" "-DDIFF_TOOL=/usr/bin/diff" "-DFC_TOOL=" "-DIGRAPH_VERSION=0.9.4" "-P" "/home/otiose/repos/epita/vlg/ext/igraph-0.9.4/etc/cmake/run_legacy_test.cmake"
Directory: /home/otiose/repos/epita/vlg/ext/igraph-0.9.4/build/tests
"example::igraph_small" start time: Jul 07 12:07 CEST
Output:
----------------------------------------------------------
<end of output>
Test time =   0.05 sec
----------------------------------------------------------
Test Passed.
"example::igraph_small" end time: Jul 07 12:07 CEST
"example::igraph_small" time elapsed: 00:00:00
----------------------------------------------------------

85/398 Testing: example::igraph_star
85/398 Test: example::igraph_star
[...]
Directory: /home/otiose/repos/epita/vlg/ext/igraph-0.9.4/build/tests
"test::igraph_rng_get_integer" start time: Jul 07 12:08 CEST
Output:
----------------------------------------------------------
<end of output>
Test time =   0.05 sec
----------------------------------------------------------
Test Passed.
"test::igraph_rng_get_integer" end time: Jul 07 12:08 CEST
"test::igraph_rng_get_integer" time elapsed: 00:00:00
----------------------------------------------------------

380/398 Testing: test::mt
380/398 Test: test::mt
Command: "/home/otiose/repos/epita/vlg/ext/igraph-0.9.4/build/tests/test_mt"
Directory: /home/otiose/repos/epita/vlg/ext/igraph-0.9.4/tests/unit
"test::mt" start time: Jul 07 12:08 CEST
Output:
----------------------------------------------------------
<end of output>
Test time =   0.01 sec
----------------------------------------------------------
Test Passed.
"test::mt" end time: Jul 07 12:08 CEST
"test::mt" time elapsed: 00:00:00
----------------------------------------------------------

381/398 Testing: test::rng_reproducibility
381/398 Test: test::rng_reproducibility
Command: "/usr/bin/cmake" "-DTEST_EXECUTABLE=/home/otiose/repos/epita/vlg/ext/igraph-0.9.4/build/tests/test_rng_reproducibility" "-DEXPECTED_OUTPUT_FILE=/home/otiose/repos/epita/vlg/ext/igraph-0.9.4/tests/unit/rng_reproducibility.out" "-DOBSERVED_OUTPUT_FILE=/home/otiose/repos/epita/vlg/ext/igraph-0.9.4/build/tests/test_rng_reproducibility.out" "-DDIFF_FILE=/home/otiose/repos/epita/vlg/ext/igraph-0.9.4/build/tests/test_rng_reproducibility.diff" "-DDIFF_TOOL=/usr/bin/diff" "-DFC_TOOL=" "-DIGRAPH_VERSION=0.9.4" "-P" "/home/otiose/repos/epita/vlg/ext/igraph-0.9.4/etc/cmake/run_legacy_test.cmake"
Directory: /home/otiose/repos/epita/vlg/ext/igraph-0.9.4/build/tests
"test::rng_reproducibility" start time: Jul 07 12:08 CEST
Output:
----------------------------------------------------------
<end of output>
Test time =   0.05 sec
----------------------------------------------------------
Test Passed.
"test::rng_reproducibility" end time: Jul 07 12:08 CEST
"test::rng_reproducibility" time elapsed: 00:00:00
----------------------------------------------------------

382/398 Testing: test::rng_init_destroy_max_min_name_set_default
382/398 Test: test::rng_init_destroy_max_min_name_set_default
Command: "/usr/bin/cmake" "-DTEST_EXECUTABLE=/home/otiose/repos/epita/vlg/ext/igraph-0.9.4/build/tests/test_rng_init_destroy_max_min_name_set_default" "-DEXPECTED_OUTPUT_FILE=/home/otiose/repos/epita/vlg/ext/igraph-0.9.4/tests/unit/rng_init_destroy_max_min_name_set_default.out" "-DOBSERVED_OUTPUT_FILE=/home/otiose/repos/epita/vlg/ext/igraph-0.9.4/build/tests/test_rng_init_destroy_max_min_name_set_default.out" "-DDIFF_FILE=/home/otiose/repos/epita/vlg/ext/igraph-0.9.4/build/tests/test_rng_init_destroy_max_min_name_set_default.diff" "-DDIFF_TOOL=/usr/bin/diff" "-DFC_TOOL=" "-DIGRAPH_VERSION=0.9.4" "-P" "/home/otiose/repos/epita/vlg/ext/igraph-0.9.4/etc/cmake/run_legacy_test.cmake"
Directory: /home/otiose/repos/epita/vlg/ext/igraph-0.9.4/build/tests
"test::rng_init_destroy_max_min_name_set_default" start time: Jul 07 12:08 CEST
Output:
----------------------------------------------------------
<end of output>
Test time =   0.05 sec
----------------------------------------------------------
Test Passed.
"test::rng_init_destroy_max_min_name_set_default" end time: Jul 07 12:08 CEST
"test::rng_init_destroy_max_min_name_set_default" time elapsed: 00:00:00
----------------------------------------------------------

383/398 Testing: test::igraph_qsort
383/398 Test: test::igraph_qsort
Command: "/usr/bin/cmake" "-DTEST_EXECUTABLE=/home/otiose/repos/epita/vlg/ext/igraph-0.9.4/build/tests/test_igraph_qsort" "-DEXPECTED_OUTPUT_FILE=/home/otiose/repos/epita/vlg/ext/igraph-0.9.4/tests/unit/igraph_qsort.out" "-DOBSERVED_OUTPUT_FILE=/home/otiose/repos/epita/vlg/ext/igraph-0.9.4/build/tests/test_igraph_qsort.out" "-DDIFF_FILE=/home/otiose/repos/epita/vlg/ext/igraph-0.9.4/build/tests/test_igraph_qsort.diff" "-DDIFF_TOOL=/usr/bin/diff" "-DFC_TOOL=" "-DIGRAPH_VERSION=0.9.4" "-P" "/home/otiose/repos/epita/vlg/ext/igraph-0.9.4/etc/cmake/run_legacy_test.cmake"
Directory: /home/otiose/repos/epita/vlg/ext/igraph-0.9.4/build/tests
"test::igraph_qsort" start time: Jul 07 12:08 CEST
Output:
----------------------------------------------------------
<end of output>
Test time =   0.05 sec
----------------------------------------------------------
Test Passed.
"test::igraph_qsort" end time: Jul 07 12:08 CEST
"test::igraph_qsort" time elapsed: 00:00:00
----------------------------------------------------------

384/398 Testing: test::igraph_qsort_r
384/398 Test: test::igraph_qsort_r
Command: "/usr/bin/cmake" "-DTEST_EXECUTABLE=/home/otiose/repos/epita/vlg/ext/igraph-0.9.4/build/tests/test_igraph_qsort_r" "-DEXPECTED_OUTPUT_FILE=/home/otiose/repos/epita/vlg/ext/igraph-0.9.4/tests/unit/igraph_qsort_r.out" "-DOBSERVED_OUTPUT_FILE=/home/otiose/repos/epita/vlg/ext/igraph-0.9.4/build/tests/test_igraph_qsort_r.out" "-DDIFF_FILE=/home/otiose/repos/epita/vlg/ext/igraph-0.9.4/build/tests/test_igraph_qsort_r.diff" "-DDIFF_TOOL=/usr/bin/diff" "-DFC_TOOL=" "-DIGRAPH_VERSION=0.9.4" "-P" "/home/otiose/repos/epita/vlg/ext/igraph-0.9.4/etc/cmake/run_legacy_test.cmake"
Directory: /home/otiose/repos/epita/vlg/ext/igraph-0.9.4/build/tests
"test::igraph_qsort_r" start time: Jul 07 12:08 CEST
Output:
----------------------------------------------------------
<end of output>
Test time =   0.05 sec
----------------------------------------------------------
Test Passed.
"test::igraph_qsort_r" end time: Jul 07 12:08 CEST
"test::igraph_qsort_r" time elapsed: 00:00:00
----------------------------------------------------------

385/398 Testing: example::igraph_maximum_bipartite_matching
385/398 Test: example::igraph_maximum_bipartite_matching
Command: "/home/otiose/repos/epita/vlg/ext/igraph-0.9.4/build/tests/example_igraph_maximum_bipartite_matching"
Directory: /home/otiose/repos/epita/vlg/ext/igraph-0.9.4/examples/simple
"example::igraph_maximum_bipartite_matching" start time: Jul 07 12:08 CEST
Output:
----------------------------------------------------------
<end of output>
Test time =   0.01 sec
----------------------------------------------------------
Test Passed.
"example::igraph_maximum_bipartite_matching" end time: Jul 07 12:08 CEST
"example::igraph_maximum_bipartite_matching" time elapsed: 00:00:00
----------------------------------------------------------

386/398 Testing: test::igraph_adjacency_spectral_embedding
386/398 Test: test::igraph_adjacency_spectral_embedding
Command: "/usr/bin/cmake" "-DTEST_EXECUTABLE=/home/otiose/repos/epita/vlg/ext/igraph-0.9.4/build/tests/test_igraph_adjacency_spectral_embedding" "-DEXPECTED_OUTPUT_FILE=/home/otiose/repos/epita/vlg/ext/igraph-0.9.4/tests/unit/igraph_adjacency_spectral_embedding.out" "-DOBSERVED_OUTPUT_FILE=/home/otiose/repos/epita/vlg/ext/igraph-0.9.4/build/tests/test_igraph_adjacency_spectral_embedding.out" "-DDIFF_FILE=/home/otiose/repos/epita/vlg/ext/igraph-0.9.4/build/tests/test_igraph_adjacency_spectral_embedding.diff" "-DDIFF_TOOL=/usr/bin/diff" "-DFC_TOOL=" "-DIGRAPH_VERSION=0.9.4" "-P" "/home/otiose/repos/epita/vlg/ext/igraph-0.9.4/etc/cmake/run_legacy_test.cmake"
Directory: /home/otiose/repos/epita/vlg/ext/igraph-0.9.4/build/tests
"test::igraph_adjacency_spectral_embedding" start time: Jul 07 12:08 CEST
Output:
----------------------------------------------------------
<end of output>
Test time =   0.05 sec
----------------------------------------------------------
Test Passed.
"test::igraph_adjacency_spectral_embedding" end time: Jul 07 12:08 CEST
"test::igraph_adjacency_spectral_embedding" time elapsed: 00:00:00
----------------------------------------------------------

387/398 Testing: test::igraph_is_graphical
387/398 Test: test::igraph_is_graphical
Command: "/usr/bin/cmake" "-DTEST_EXECUTABLE=/home/otiose/repos/epita/vlg/ext/igraph-0.9.4/build/tests/test_igraph_is_graphical" "-DEXPECTED_OUTPUT_FILE=/home/otiose/repos/epita/vlg/ext/igraph-0.9.4/tests/unit/igraph_is_graphical.out" "-DOBSERVED_OUTPUT_FILE=/home/otiose/repos/epita/vlg/ext/igraph-0.9.4/build/tests/test_igraph_is_graphical.out" "-DDIFF_FILE=/home/otiose/repos/epita/vlg/ext/igraph-0.9.4/build/tests/test_igraph_is_graphical.diff" "-DDIFF_TOOL=/usr/bin/diff" "-DFC_TOOL=" "-DIGRAPH_VERSION=0.9.4" "-P" "/home/otiose/repos/epita/vlg/ext/igraph-0.9.4/etc/cmake/run_legacy_test.cmake"
Directory: /home/otiose/repos/epita/vlg/ext/igraph-0.9.4/build/tests
"test::igraph_is_graphical" start time: Jul 07 12:08 CEST
Output:
----------------------------------------------------------
<end of output>
Test time =   0.05 sec
----------------------------------------------------------
Test Passed.
"test::igraph_is_graphical" end time: Jul 07 12:08 CEST
"test::igraph_is_graphical" time elapsed: 00:00:00
----------------------------------------------------------

388/398 Testing: test::igraph_is_bigraphical
388/398 Test: test::igraph_is_bigraphical
Command: "/usr/bin/cmake" "-DTEST_EXECUTABLE=/home/otiose/repos/epita/vlg/ext/igraph-0.9.4/build/tests/test_igraph_is_bigraphical" "-DEXPECTED_OUTPUT_FILE=/home/otiose/repos/epita/vlg/ext/igraph-0.9.4/tests/unit/igraph_is_bigraphical.out" "-DOBSERVED_OUTPUT_FILE=/home/otiose/repos/epita/vlg/ext/igraph-0.9.4/build/tests/test_igraph_is_bigraphical.out" "-DDIFF_FILE=/home/otiose/repos/epita/vlg/ext/igraph-0.9.4/build/tests/test_igraph_is_bigraphical.diff" "-DDIFF_TOOL=/usr/bin/diff" "-DFC_TOOL=" "-DIGRAPH_VERSION=0.9.4" "-P" "/home/otiose/repos/epita/vlg/ext/igraph-0.9.4/etc/cmake/run_legacy_test.cmake"
Directory: /home/otiose/repos/epita/vlg/ext/igraph-0.9.4/build/tests
"test::igraph_is_bigraphical" start time: Jul 07 12:08 CEST
Output:
----------------------------------------------------------
<end of output>
Test time =   0.05 sec
----------------------------------------------------------
Test Passed.
"test::igraph_is_bigraphical" end time: Jul 07 12:08 CEST
"test::igraph_is_bigraphical" time elapsed: 00:00:00
----------------------------------------------------------

389/398 Testing: test::fatal_handler
389/398 Test: test::fatal_handler
Command: "/usr/bin/cmake" "-DTEST_EXECUTABLE=/home/otiose/repos/epita/vlg/ext/igraph-0.9.4/build/tests/test_fatal_handler" "-DEXPECTED_OUTPUT_FILE=/home/otiose/repos/epita/vlg/ext/igraph-0.9.4/tests/unit/fatal_handler.out" "-DOBSERVED_OUTPUT_FILE=/home/otiose/repos/epita/vlg/ext/igraph-0.9.4/build/tests/test_fatal_handler.out" "-DDIFF_FILE=/home/otiose/repos/epita/vlg/ext/igraph-0.9.4/build/tests/test_fatal_handler.diff" "-DDIFF_TOOL=/usr/bin/diff" "-DFC_TOOL=" "-DIGRAPH_VERSION=0.9.4" "-P" "/home/otiose/repos/epita/vlg/ext/igraph-0.9.4/etc/cmake/run_legacy_test.cmake"
Directory: /home/otiose/repos/epita/vlg/ext/igraph-0.9.4/build/tests
"test::fatal_handler" start time: Jul 07 12:08 CEST
Output:
----------------------------------------------------------
<end of output>
Test time =   0.05 sec
----------------------------------------------------------
Test Passed.
"test::fatal_handler" end time: Jul 07 12:08 CEST
"test::fatal_handler" time elapsed: 00:00:00
----------------------------------------------------------

390/398 Testing: test::igraph_progress_handler_stderr
390/398 Test: test::igraph_progress_handler_stderr
Command: "/home/otiose/repos/epita/vlg/ext/igraph-0.9.4/build/tests/test_igraph_progress_handler_stderr"
Directory: /home/otiose/repos/epita/vlg/ext/igraph-0.9.4/tests/unit
"test::igraph_progress_handler_stderr" start time: Jul 07 12:08 CEST
Output:
----------------------------------------------------------
This is a message 10.0 percent ready.
<end of output>
Test time =   0.01 sec
----------------------------------------------------------
Test Passed.
"test::igraph_progress_handler_stderr" end time: Jul 07 12:08 CEST
"test::igraph_progress_handler_stderr" time elapsed: 00:00:00
----------------------------------------------------------

391/398 Testing: test::igraph_set_progress_handler
391/398 Test: test::igraph_set_progress_handler
Command: "/usr/bin/cmake" "-DTEST_EXECUTABLE=/home/otiose/repos/epita/vlg/ext/igraph-0.9.4/build/tests/test_igraph_set_progress_handler" "-DEXPECTED_OUTPUT_FILE=/home/otiose/repos/epita/vlg/ext/igraph-0.9.4/tests/unit/igraph_set_progress_handler.out" "-DOBSERVED_OUTPUT_FILE=/home/otiose/repos/epita/vlg/ext/igraph-0.9.4/build/tests/test_igraph_set_progress_handler.out" "-DDIFF_FILE=/home/otiose/repos/epita/vlg/ext/igraph-0.9.4/build/tests/test_igraph_set_progress_handler.diff" "-DDIFF_TOOL=/usr/bin/diff" "-DFC_TOOL=" "-DIGRAPH_VERSION=0.9.4" "-P" "/home/otiose/repos/epita/vlg/ext/igraph-0.9.4/etc/cmake/run_legacy_test.cmake"
Directory: /home/otiose/repos/epita/vlg/ext/igraph-0.9.4/build/tests
"test::igraph_set_progress_handler" start time: Jul 07 12:08 CEST
Output:
----------------------------------------------------------
<end of output>
Test time =   0.05 sec
----------------------------------------------------------
Test Passed.
"test::igraph_set_progress_handler" end time: Jul 07 12:08 CEST
"test::igraph_set_progress_handler" time elapsed: 00:00:00
----------------------------------------------------------

392/398 Testing: test::error_macros
392/398 Test: test::error_macros
Command: "/usr/bin/cmake" "-DTEST_EXECUTABLE=/home/otiose/repos/epita/vlg/ext/igraph-0.9.4/build/tests/test_error_macros" "-DEXPECTED_OUTPUT_FILE=/home/otiose/repos/epita/vlg/ext/igraph-0.9.4/tests/unit/error_macros.out" "-DOBSERVED_OUTPUT_FILE=/home/otiose/repos/epita/vlg/ext/igraph-0.9.4/build/tests/test_error_macros.out" "-DDIFF_FILE=/home/otiose/repos/epita/vlg/ext/igraph-0.9.4/build/tests/test_error_macros.diff" "-DDIFF_TOOL=/usr/bin/diff" "-DFC_TOOL=" "-DIGRAPH_VERSION=0.9.4" "-P" "/home/otiose/repos/epita/vlg/ext/igraph-0.9.4/etc/cmake/run_legacy_test.cmake"
Directory: /home/otiose/repos/epita/vlg/ext/igraph-0.9.4/build/tests
"test::error_macros" start time: Jul 07 12:08 CEST
Output:
----------------------------------------------------------
<end of output>
Test time =   0.05 sec
----------------------------------------------------------
Test Passed.
"test::error_macros" end time: Jul 07 12:08 CEST
"test::error_macros" time elapsed: 00:00:00
----------------------------------------------------------

393/398 Testing: test::glpk_error
393/398 Test: test::glpk_error
Command: "/home/otiose/repos/epita/vlg/ext/igraph-0.9.4/build/tests/test_glpk_error"
Directory: /home/otiose/repos/epita/vlg/ext/igraph-0.9.4/tests/unit
"test::glpk_error" start time: Jul 07 12:08 CEST
Output:
----------------------------------------------------------
Error at src/misc/feedback_arc_set.c:505 : glp_add_rows: nrs = 114088450; too many rows
Error detected in file /home/otiose/repos/epita/vlg/ext/igraph-0.9.4/vendor/glpk/glpapi01.c at line 256 - Internal GPLK error.
<end of output>
Test time =   1.16 sec
----------------------------------------------------------
Test Passed.
"test::glpk_error" end time: Jul 07 12:08 CEST
"test::glpk_error" time elapsed: 00:00:01
----------------------------------------------------------

394/398 Testing: test::igraph_read_graph_gml_invalid_inputs
394/398 Test: test::igraph_read_graph_gml_invalid_inputs
Command: "/home/otiose/repos/epita/vlg/ext/igraph-0.9.4/build/tests/test_igraph_read_graph_gml_invalid_inputs"
Directory: /home/otiose/repos/epita/vlg/ext/igraph-0.9.4/tests/regression
"test::igraph_read_graph_gml_invalid_inputs" start time: Jul 07 12:08 CEST
Output:
----------------------------------------------------------
<end of output>
Test time =   0.02 sec
----------------------------------------------------------
Test Passed.
"test::igraph_read_graph_gml_invalid_inputs" end time: Jul 07 12:08 CEST
"test::igraph_read_graph_gml_invalid_inputs" time elapsed: 00:00:00
----------------------------------------------------------

395/398 Testing: test::igraph_running_mean
395/398 Test: test::igraph_running_mean
Command: "/usr/bin/cmake" "-DTEST_EXECUTABLE=/home/otiose/repos/epita/vlg/ext/igraph-0.9.4/build/tests/test_igraph_running_mean" "-DEXPECTED_OUTPUT_FILE=/home/otiose/repos/epita/vlg/ext/igraph-0.9.4/tests/unit/igraph_running_mean.out" "-DOBSERVED_OUTPUT_FILE=/home/otiose/repos/epita/vlg/ext/igraph-0.9.4/build/tests/test_igraph_running_mean.out" "-DDIFF_FILE=/home/otiose/repos/epita/vlg/ext/igraph-0.9.4/build/tests/test_igraph_running_mean.diff" "-DDIFF_TOOL=/usr/bin/diff" "-DFC_TOOL=" "-DIGRAPH_VERSION=0.9.4" "-P" "/home/otiose/repos/epita/vlg/ext/igraph-0.9.4/etc/cmake/run_legacy_test.cmake"
Directory: /home/otiose/repos/epita/vlg/ext/igraph-0.9.4/build/tests
"test::igraph_running_mean" start time: Jul 07 12:08 CEST
Output:
----------------------------------------------------------
<end of output>
Test time =   0.05 sec
----------------------------------------------------------
Test Passed.
"test::igraph_running_mean" end time: Jul 07 12:08 CEST
"test::igraph_running_mean" time elapsed: 00:00:00
----------------------------------------------------------

396/398 Testing: test::igraph_solve_lsap
396/398 Test: test::igraph_solve_lsap
Command: "/usr/bin/cmake" "-DTEST_EXECUTABLE=/home/otiose/repos/epita/vlg/ext/igraph-0.9.4/build/tests/test_igraph_solve_lsap" "-DEXPECTED_OUTPUT_FILE=/home/otiose/repos/epita/vlg/ext/igraph-0.9.4/tests/unit/igraph_solve_lsap.out" "-DOBSERVED_OUTPUT_FILE=/home/otiose/repos/epita/vlg/ext/igraph-0.9.4/build/tests/test_igraph_solve_lsap.out" "-DDIFF_FILE=/home/otiose/repos/epita/vlg/ext/igraph-0.9.4/build/tests/test_igraph_solve_lsap.diff" "-DDIFF_TOOL=/usr/bin/diff" "-DFC_TOOL=" "-DIGRAPH_VERSION=0.9.4" "-P" "/home/otiose/repos/epita/vlg/ext/igraph-0.9.4/etc/cmake/run_legacy_test.cmake"
Directory: /home/otiose/repos/epita/vlg/ext/igraph-0.9.4/build/tests
"test::igraph_solve_lsap" start time: Jul 07 12:08 CEST
Output:
----------------------------------------------------------
<end of output>
Test time =   0.05 sec
----------------------------------------------------------
Test Passed.
"test::igraph_solve_lsap" end time: Jul 07 12:08 CEST
"test::igraph_solve_lsap" time elapsed: 00:00:00
----------------------------------------------------------

397/398 Testing: test::zero_allocs
397/398 Test: test::zero_allocs
Command: "/home/otiose/repos/epita/vlg/ext/igraph-0.9.4/build/tests/test_zero_allocs"
Directory: /home/otiose/repos/epita/vlg/ext/igraph-0.9.4/tests/unit
"test::zero_allocs" start time: Jul 07 12:08 CEST
Output:
----------------------------------------------------------
<end of output>
Test time =   0.01 sec
----------------------------------------------------------
Test Passed.
"test::zero_allocs" end time: Jul 07 12:08 CEST
"test::zero_allocs" time elapsed: 00:00:00
----------------------------------------------------------

398/398 Testing: test::igraph_sir
398/398 Test: test::igraph_sir
Command: "/usr/bin/cmake" "-DTEST_EXECUTABLE=/home/otiose/repos/epita/vlg/ext/igraph-0.9.4/build/tests/test_igraph_sir" "-DEXPECTED_OUTPUT_FILE=/home/otiose/repos/epita/vlg/ext/igraph-0.9.4/tests/unit/igraph_sir.out" "-DOBSERVED_OUTPUT_FILE=/home/otiose/repos/epita/vlg/ext/igraph-0.9.4/build/tests/test_igraph_sir.out" "-DDIFF_FILE=/home/otiose/repos/epita/vlg/ext/igraph-0.9.4/build/tests/test_igraph_sir.diff" "-DDIFF_TOOL=/usr/bin/diff" "-DFC_TOOL=" "-DIGRAPH_VERSION=0.9.4" "-P" "/home/otiose/repos/epita/vlg/ext/igraph-0.9.4/etc/cmake/run_legacy_test.cmake"
Directory: /home/otiose/repos/epita/vlg/ext/igraph-0.9.4/build/tests
"test::igraph_sir" start time: Jul 07 12:08 CEST
Output:
----------------------------------------------------------
<end of output>
Test time =   0.05 sec
----------------------------------------------------------
Test Passed.
"test::igraph_sir" end time: Jul 07 12:08 CEST
"test::igraph_sir" time elapsed: 00:00:00
----------------------------------------------------------

End testing: Jul 07 12:08 CEST
